
> nextjs-redux-toolkit-template@0.1.0 dev
> next dev

  ▲ Next.js 14.2.28
  - Local:        http://localhost:3000

 ✓ Starting...
 ✓ Ready in 1850ms
 ○ Compiling / ...
 ✓ Compiled / in 12.8s (787 modules)
i18next: languageChanged en-US
i18next: initialized {
  debug: true,
  initImmediate: true,
  ns: [ 'translation' ],
  defaultNS: [ 'translation' ],
  fallbackLng: [ 'en' ],
  fallbackNS: false,
  supportedLngs: false,
  nonExplicitSupportedLngs: false,
  load: 'all',
  preload: false,
  simplifyPluralSuffix: true,
  keySeparator: '.',
  nsSeparator: ':',
  pluralSeparator: '_',
  contextSeparator: '_',
  partialBundledLanguages: false,
  saveMissing: false,
  updateMissing: false,
  saveMissingTo: 'fallback',
  saveMissingPlurals: true,
  missingKeyHandler: false,
  missingInterpolationHandler: false,
  postProcess: false,
  postProcessPassResolved: false,
  returnNull: false,
  returnEmptyString: true,
  returnObjects: false,
  joinArrays: false,
  returnedObjectHandler: false,
  parseMissingKeyHandler: false,
  appendNamespaceToMissingKey: false,
  appendNamespaceToCIMode: false,
  overloadTranslationOptionHandler: [Function: overloadTranslationOptionHandler],
  interpolation: {
    escapeValue: false,
    format: [Function: bound format],
    prefix: '{{',
    suffix: '}}',
    formatSeparator: ',',
    unescapePrefix: '-',
    nestingPrefix: '$t(',
    nestingSuffix: ')',
    nestingOptionsSeparator: ',',
    maxReplaces: 1000,
    skipOnVariables: true
  },
  resources: {
    en: { translation: [Object] },
    ar: { translation: [Object] },
    fr: { translation: [Object] },
    es: { translation: [Object] }
  },
  detection: {
    order: [ 'localStorage', 'navigator', 'htmlTag' ],
    caches: [ 'localStorage' ],
    lookupQuerystring: 'lng',
    lookupCookie: 'i18next',
    lookupLocalStorage: 'i18nextLng',
    lookupSessionStorage: 'i18nextLng',
    excludeCacheFor: [ 'cimode' ],
    convertDetectedLanguage: [Function: convertDetectedLanguage]
  },
  ignoreJSONStructure: true
}
 GET / 200 in 13291ms
 GET / 200 in 20ms
 ○ Compiling /orders ...
 ✓ Compiled /orders in 1904ms (1114 modules)
i18next: languageChanged en-US
i18next: init: i18next is already initialized. You should call init just once!
i18next: initialized {
  debug: true,
  initImmediate: true,
  ns: [ 'translation' ],
  defaultNS: [ 'translation' ],
  fallbackLng: [ 'en' ],
  fallbackNS: false,
  supportedLngs: false,
  nonExplicitSupportedLngs: false,
  load: 'all',
  preload: false,
  simplifyPluralSuffix: true,
  keySeparator: '.',
  nsSeparator: ':',
  pluralSeparator: '_',
  contextSeparator: '_',
  partialBundledLanguages: false,
  saveMissing: false,
  updateMissing: false,
  saveMissingTo: 'fallback',
  saveMissingPlurals: true,
  missingKeyHandler: false,
  missingInterpolationHandler: false,
  postProcess: false,
  postProcessPassResolved: false,
  returnNull: false,
  returnEmptyString: true,
  returnObjects: false,
  joinArrays: false,
  returnedObjectHandler: false,
  parseMissingKeyHandler: false,
  appendNamespaceToMissingKey: false,
  appendNamespaceToCIMode: false,
  overloadTranslationOptionHandler: [Function: overloadTranslationOptionHandler],
  interpolation: {
    escapeValue: false,
    format: [Function: bound format],
    prefix: '{{',
    suffix: '}}',
    formatSeparator: ',',
    unescapePrefix: '-',
    nestingPrefix: '$t(',
    nestingSuffix: ')',
    nestingOptionsSeparator: ',',
    maxReplaces: 1000,
    skipOnVariables: true
  },
  resources: {
    en: { translation: [Object] },
    ar: { translation: [Object] },
    fr: { translation: [Object] },
    es: { translation: [Object] }
  },
  detection: {
    order: [ 'localStorage', 'navigator', 'htmlTag' ],
    caches: [ 'localStorage' ],
    lookupQuerystring: 'lng',
    lookupCookie: 'i18next',
    lookupLocalStorage: 'i18nextLng',
    lookupSessionStorage: 'i18nextLng',
    excludeCacheFor: [ 'cimode' ],
    convertDetectedLanguage: [Function: convertDetectedLanguage]
  },
  ignoreJSONStructure: true
}
 GET /orders 200 in 2544ms
 ✓ Compiled /_error in 199ms (1116 modules)
i18next: languageChanged en-US
i18next: init: i18next is already initialized. You should call init just once!
i18next: initialized {
  debug: true,
  initImmediate: true,
  ns: [ 'translation' ],
  defaultNS: [ 'translation' ],
  fallbackLng: [ 'en' ],
  fallbackNS: false,
  supportedLngs: false,
  nonExplicitSupportedLngs: false,
  load: 'all',
  preload: false,
  simplifyPluralSuffix: true,
  keySeparator: '.',
  nsSeparator: ':',
  pluralSeparator: '_',
  contextSeparator: '_',
  partialBundledLanguages: false,
  saveMissing: false,
  updateMissing: false,
  saveMissingTo: 'fallback',
  saveMissingPlurals: true,
  missingKeyHandler: false,
  missingInterpolationHandler: false,
  postProcess: false,
  postProcessPassResolved: false,
  returnNull: false,
  returnEmptyString: true,
  returnObjects: false,
  joinArrays: false,
  returnedObjectHandler: false,
  parseMissingKeyHandler: false,
  appendNamespaceToMissingKey: false,
  appendNamespaceToCIMode: false,
  overloadTranslationOptionHandler: [Function: overloadTranslationOptionHandler],
  interpolation: {
    escapeValue: false,
    format: [Function: bound format],
    prefix: '{{',
    suffix: '}}',
    formatSeparator: ',',
    unescapePrefix: '-',
    nestingPrefix: '$t(',
    nestingSuffix: ')',
    nestingOptionsSeparator: ',',
    maxReplaces: 1000,
    skipOnVariables: true
  },
  resources: {
    en: { translation: [Object] },
    ar: { translation: [Object] },
    fr: { translation: [Object] },
    es: { translation: [Object] }
  },
  detection: {
    order: [ 'localStorage', 'navigator', 'htmlTag' ],
    caches: [ 'localStorage' ],
    lookupQuerystring: 'lng',
    lookupCookie: 'i18next',
    lookupLocalStorage: 'i18nextLng',
    lookupSessionStorage: 'i18nextLng',
    excludeCacheFor: [ 'cimode' ],
    convertDetectedLanguage: [Function: convertDetectedLanguage]
  },
  ignoreJSONStructure: true
}
 GET /user/auth/session 404 in 232ms
 ✓ Compiled /auth/signin in 457ms (1129 modules)
i18next: languageChanged en-US
i18next: init: i18next is already initialized. You should call init just once!
i18next: initialized {
  debug: true,
  initImmediate: true,
  ns: [ 'translation' ],
  defaultNS: [ 'translation' ],
  fallbackLng: [ 'en' ],
  fallbackNS: false,
  supportedLngs: false,
  nonExplicitSupportedLngs: false,
  load: 'all',
  preload: false,
  simplifyPluralSuffix: true,
  keySeparator: '.',
  nsSeparator: ':',
  pluralSeparator: '_',
  contextSeparator: '_',
  partialBundledLanguages: false,
  saveMissing: false,
  updateMissing: false,
  saveMissingTo: 'fallback',
  saveMissingPlurals: true,
  missingKeyHandler: false,
  missingInterpolationHandler: false,
  postProcess: false,
  postProcessPassResolved: false,
  returnNull: false,
  returnEmptyString: true,
  returnObjects: false,
  joinArrays: false,
  returnedObjectHandler: false,
  parseMissingKeyHandler: false,
  appendNamespaceToMissingKey: false,
  appendNamespaceToCIMode: false,
  overloadTranslationOptionHandler: [Function: overloadTranslationOptionHandler],
  interpolation: {
    escapeValue: false,
    format: [Function: bound format],
    prefix: '{{',
    suffix: '}}',
    formatSeparator: ',',
    unescapePrefix: '-',
    nestingPrefix: '$t(',
    nestingSuffix: ')',
    nestingOptionsSeparator: ',',
    maxReplaces: 1000,
    skipOnVariables: true
  },
  resources: {
    en: { translation: [Object] },
    ar: { translation: [Object] },
    fr: { translation: [Object] },
    es: { translation: [Object] }
  },
  detection: {
    order: [ 'localStorage', 'navigator', 'htmlTag' ],
    caches: [ 'localStorage' ],
    lookupQuerystring: 'lng',
    lookupCookie: 'i18next',
    lookupLocalStorage: 'i18nextLng',
    lookupSessionStorage: 'i18nextLng',
    excludeCacheFor: [ 'cimode' ],
    convertDetectedLanguage: [Function: convertDetectedLanguage]
  },
  ignoreJSONStructure: true
}
 GET / 200 in 81ms
 GET / 200 in 14ms
 GET /orders 200 in 26ms
 GET /user/auth/session 404 in 16ms
 GET / 200 in 17ms
 GET / 200 in 11ms
 GET /orders 200 in 16ms
 GET /packages/active 404 in 7ms
 GET / 200 in 10ms
 GET / 200 in 10ms
 GET /orders 200 in 10ms
 GET /orders?storeId=s1&page=1&pageSize=10 200 in 14ms
 ✓ Compiled in 482ms (1123 modules)
 ✓ Compiled / in 183ms (1127 modules)
i18next: languageChanged en-US
i18next: init: i18next is already initialized. You should call init just once!
i18next: initialized {
  debug: true,
  initImmediate: true,
  ns: [ 'translation' ],
  defaultNS: [ 'translation' ],
  fallbackLng: [ 'en' ],
  fallbackNS: false,
  supportedLngs: false,
  nonExplicitSupportedLngs: false,
  load: 'all',
  preload: false,
  simplifyPluralSuffix: true,
  keySeparator: '.',
  nsSeparator: ':',
  pluralSeparator: '_',
  contextSeparator: '_',
  partialBundledLanguages: false,
  saveMissing: false,
  updateMissing: false,
  saveMissingTo: 'fallback',
  saveMissingPlurals: true,
  missingKeyHandler: false,
  missingInterpolationHandler: false,
  postProcess: false,
  postProcessPassResolved: false,
  returnNull: false,
  returnEmptyString: true,
  returnObjects: false,
  joinArrays: false,
  returnedObjectHandler: false,
  parseMissingKeyHandler: false,
  appendNamespaceToMissingKey: false,
  appendNamespaceToCIMode: false,
  overloadTranslationOptionHandler: [Function: overloadTranslationOptionHandler],
  interpolation: {
    escapeValue: false,
    format: [Function: bound format],
    prefix: '{{',
    suffix: '}}',
    formatSeparator: ',',
    unescapePrefix: '-',
    nestingPrefix: '$t(',
    nestingSuffix: ')',
    nestingOptionsSeparator: ',',
    maxReplaces: 1000,
    skipOnVariables: true
  },
  resources: {
    en: { translation: [Object] },
    ar: { translation: [Object] },
    fr: { translation: [Object] },
    es: { translation: [Object] }
  },
  detection: {
    order: [ 'localStorage', 'navigator', 'htmlTag' ],
    caches: [ 'localStorage' ],
    lookupQuerystring: 'lng',
    lookupCookie: 'i18next',
    lookupLocalStorage: 'i18nextLng',
    lookupSessionStorage: 'i18nextLng',
    excludeCacheFor: [ 'cimode' ],
    convertDetectedLanguage: [Function: convertDetectedLanguage]
  },
  ignoreJSONStructure: true
}
 GET / 200 in 313ms
 GET / 200 in 9ms
 GET /orders 200 in 30ms
 GET /orders?storeId=s1&page=1&pageSize=10 200 in 12ms
 GET / 200 in 11ms
 GET / 200 in 9ms
 GET /orders 200 in 9ms
 ✓ Compiled in 342ms (1127 modules)
