
> nextjs-redux-toolkit-template@0.1.0 dev
> next dev

  ▲ Next.js 14.2.28
  - Local:        http://localhost:3000

 ✓ Starting...
 ✓ Ready in 2.5s
 ○ Compiling /analytics ...
 ✓ Compiled /analytics in 12s (793 modules)
i18next: languageChanged en-US
i18next: initialized {
  debug: true,
  initImmediate: true,
  ns: [ 'translation' ],
  defaultNS: [ 'translation' ],
  fallbackLng: [ 'en' ],
  fallbackNS: false,
  supportedLngs: false,
  nonExplicitSupportedLngs: false,
  load: 'all',
  preload: false,
  simplifyPluralSuffix: true,
  keySeparator: '.',
  nsSeparator: ':',
  pluralSeparator: '_',
  contextSeparator: '_',
  partialBundledLanguages: false,
  saveMissing: false,
  updateMissing: false,
  saveMissingTo: 'fallback',
  saveMissingPlurals: true,
  missingKeyHandler: false,
  missingInterpolationHandler: false,
  postProcess: false,
  postProcessPassResolved: false,
  returnNull: false,
  returnEmptyString: true,
  returnObjects: false,
  joinArrays: false,
  returnedObjectHandler: false,
  parseMissingKeyHandler: false,
  appendNamespaceToMissingKey: false,
  appendNamespaceToCIMode: false,
  overloadTranslationOptionHandler: [Function: overloadTranslationOptionHandler],
  interpolation: {
    escapeValue: false,
    format: [Function: bound format],
    prefix: '{{',
    suffix: '}}',
    formatSeparator: ',',
    unescapePrefix: '-',
    nestingPrefix: '$t(',
    nestingSuffix: ')',
    nestingOptionsSeparator: ',',
    maxReplaces: 1000,
    skipOnVariables: true
  },
  resources: {
    en: { translation: [Object] },
    ar: { translation: [Object] },
    fr: { translation: [Object] },
    es: { translation: [Object] }
  },
  detection: {
    order: [ 'localStorage', 'navigator', 'htmlTag' ],
    caches: [ 'localStorage' ],
    lookupQuerystring: 'lng',
    lookupCookie: 'i18next',
    lookupLocalStorage: 'i18nextLng',
    lookupSessionStorage: 'i18nextLng',
    excludeCacheFor: [ 'cimode' ],
    convertDetectedLanguage: [Function: convertDetectedLanguage]
  },
  ignoreJSONStructure: true
}
 GET /analytics 200 in 12464ms
 ○ Compiling /api/user/[...AUTH] ...
 ✓ Compiled /api/user/[...AUTH] in 546ms (812 modules)
API auth action: session, method: GET
Handling get session
 GET /api/user/auth/session 401 in 591ms
i18next: languageChanged en-US
i18next: init: i18next is already initialized. You should call init just once!
i18next: initialized {
  debug: true,
  initImmediate: true,
  ns: [ 'translation' ],
  defaultNS: [ 'translation' ],
  fallbackLng: [ 'en' ],
  fallbackNS: false,
  supportedLngs: false,
  nonExplicitSupportedLngs: false,
  load: 'all',
  preload: false,
  simplifyPluralSuffix: true,
  keySeparator: '.',
  nsSeparator: ':',
  pluralSeparator: '_',
  contextSeparator: '_',
  partialBundledLanguages: false,
  saveMissing: false,
  updateMissing: false,
  saveMissingTo: 'fallback',
  saveMissingPlurals: true,
  missingKeyHandler: false,
  missingInterpolationHandler: false,
  postProcess: false,
  postProcessPassResolved: false,
  returnNull: false,
  returnEmptyString: true,
  returnObjects: false,
  joinArrays: false,
  returnedObjectHandler: false,
  parseMissingKeyHandler: false,
  appendNamespaceToMissingKey: false,
  appendNamespaceToCIMode: false,
  overloadTranslationOptionHandler: [Function: overloadTranslationOptionHandler],
  interpolation: {
    escapeValue: false,
    format: [Function: bound format],
    prefix: '{{',
    suffix: '}}',
    formatSeparator: ',',
    unescapePrefix: '-',
    nestingPrefix: '$t(',
    nestingSuffix: ')',
    nestingOptionsSeparator: ',',
    maxReplaces: 1000,
    skipOnVariables: true
  },
  resources: {
    en: { translation: [Object] },
    ar: { translation: [Object] },
    fr: { translation: [Object] },
    es: { translation: [Object] }
  },
  detection: {
    order: [ 'localStorage', 'navigator', 'htmlTag' ],
    caches: [ 'localStorage' ],
    lookupQuerystring: 'lng',
    lookupCookie: 'i18next',
    lookupLocalStorage: 'i18nextLng',
    lookupSessionStorage: 'i18nextLng',
    excludeCacheFor: [ 'cimode' ],
    convertDetectedLanguage: [Function: convertDetectedLanguage]
  },
  ignoreJSONStructure: true
}
 GET /analytics 200 in 112ms
API auth action: session, method: GET
Handling get session
 GET /api/user/auth/session 401 in 8ms
 GET /analytics 200 in 15ms
