{"level":"info","message":"Server is running on port 5300 in development mode"}
{"level":"info","message":"Database synced"}
{"level":"info","message":"::1 - - [26/Mar/2024:13:22:27 +0000] \"GET /api/auth/isauthenticated HTTP/1.1\" 200 307 \"-\" \"axios/1.6.7\""}
{"level":"info","message":"::1 - - [26/Mar/2024:13:22:27 +0000] \"GET /api/auth/isauthenticated HTTP/1.1\" 200 307 \"-\" \"axios/1.6.7\""}
{"level":"info","message":"::1 - - [26/Mar/2024:13:22:28 +0000] \"GET /api/articles HTTP/1.1\" 200 1034 \"-\" \"axios/1.6.7\""}
{"level":"info","message":"::1 - - [26/Mar/2024:13:22:32 +0000] \"GET /api/auth/isauthenticated HTTP/1.1\" 200 307 \"-\" \"axios/1.6.7\""}
{"level":"info","message":"::1 - - [26/Mar/2024:13:22:32 +0000] \"GET /api/auth/isauthenticated HTTP/1.1\" 200 307 \"-\" \"axios/1.6.7\""}
{"level":"info","message":"::1 - - [26/Mar/2024:13:22:32 +0000] \"GET /api/articles/get/author HTTP/1.1\" 304 - \"http://localhost:3000/\" \"Mozilla/5.0 (Windows NT 10.0; Win64; x64) AppleWebKit/537.36 (KHTML, like Gecko) Chrome/123.0.0.0 Safari/537.36\""}
{"level":"info","message":"::1 - - [26/Mar/2024:13:22:32 +0000] \"GET /api/articles/get/author HTTP/1.1\" 304 - \"http://localhost:3000/\" \"Mozilla/5.0 (Windows NT 10.0; Win64; x64) AppleWebKit/537.36 (KHTML, like Gecko) Chrome/123.0.0.0 Safari/537.36\""}
{"level":"info","message":"::1 - - [26/Mar/2024:13:22:35 +0000] \"DELETE /api/articles/delete/852a62e6-4f46-42a0-88c3-17bc184ba5d2 HTTP/1.1\" 500 33 \"http://localhost:3000/\" \"Mozilla/5.0 (Windows NT 10.0; Win64; x64) AppleWebKit/537.36 (KHTML, like Gecko) Chrome/123.0.0.0 Safari/537.36\""}
{"level":"info","message":"::1 - - [26/Mar/2024:13:26:00 +0000] \"DELETE /api/articles/delete/852a62e6-4f46-42a0-88c3-17bc184ba5d2 HTTP/1.1\" 500 33 \"http://localhost:3000/\" \"Mozilla/5.0 (Windows NT 10.0; Win64; x64) AppleWebKit/537.36 (KHTML, like Gecko) Chrome/123.0.0.0 Safari/537.36\""}
{"level":"info","message":"Server is running on port 5300 in development mode"}
{"level":"info","message":"Database synced"}
{"level":"info","message":"Server is running on port 5300 in development mode"}
{"level":"info","message":"Database synced"}
{"level":"info","message":"Server is running on port 5300 in development mode"}
{"level":"info","message":"Database synced"}
{"level":"info","message":"Server is running on port 5300 in development mode"}
{"level":"info","message":"Database synced"}
{"level":"info","message":"::1 - - [26/Mar/2024:13:43:37 +0000] \"DELETE /api/articles/delete/852a62e6-4f46-42a0-88c3-17bc184ba5d2 HTTP/1.1\" 500 33 \"http://localhost:3000/\" \"Mozilla/5.0 (Windows NT 10.0; Win64; x64) AppleWebKit/537.36 (KHTML, like Gecko) Chrome/123.0.0.0 Safari/537.36\""}
{"level":"info","message":"::1 - - [26/Mar/2024:13:51:04 +0000] \"DELETE /api/articles/delete/852a62e6-4f46-42a0-88c3-17bc184ba5d2 HTTP/1.1\" 500 33 \"http://localhost:3000/\" \"Mozilla/5.0 (Windows NT 10.0; Win64; x64) AppleWebKit/537.36 (KHTML, like Gecko) Chrome/123.0.0.0 Safari/537.36\""}
{"level":"info","message":"Server is running on port 5300 in development mode"}
{"level":"info","message":"Database synced"}
{"level":"info","message":"::1 - - [26/Mar/2024:13:55:26 +0000] \"DELETE /api/articles/delete/852a62e6-4f46-42a0-88c3-17bc184ba5d2 HTTP/1.1\" 200 1 \"http://localhost:3000/\" \"Mozilla/5.0 (Windows NT 10.0; Win64; x64) AppleWebKit/537.36 (KHTML, like Gecko) Chrome/123.0.0.0 Safari/537.36\""}
{"level":"info","message":"::1 - - [26/Mar/2024:13:55:36 +0000] \"GET /api/articles/get/author HTTP/1.1\" 200 11 \"http://localhost:3000/\" \"Mozilla/5.0 (Windows NT 10.0; Win64; x64) AppleWebKit/537.36 (KHTML, like Gecko) Chrome/123.0.0.0 Safari/537.36\""}
{"level":"info","message":"Server is running on port 5300 in development mode"}
{"level":"info","message":"Database synced"}
{"level":"info","message":"::1 - - [26/Mar/2024:13:56:54 +0000] \"GET /api/articles HTTP/1.1\" 200 746 \"-\" \"axios/1.6.7\""}
{"level":"info","message":"Server is running on port 5300 in development mode"}
{"level":"info","message":"Database synced"}
{"level":"info","message":"Server is running on port 5300 in development mode"}
{"level":"info","message":"Database synced"}
{"level":"info","message":"::1 - - [26/Mar/2024:14:14:38 +0000] \"GET /api/auth/isauthenticated HTTP/1.1\" 200 307 \"-\" \"axios/1.6.7\""}
{"level":"info","message":"::1 - - [26/Mar/2024:14:14:39 +0000] \"GET /api/auth/isauthenticated HTTP/1.1\" 200 307 \"-\" \"axios/1.6.7\""}
{"level":"info","message":"::1 - - [26/Mar/2024:14:14:40 +0000] \"GET /api/articles/get/author HTTP/1.1\" 304 - \"http://localhost:3000/\" \"Mozilla/5.0 (Windows NT 10.0; Win64; x64) AppleWebKit/537.36 (KHTML, like Gecko) Chrome/123.0.0.0 Safari/537.36\""}
{"level":"info","message":"::1 - - [26/Mar/2024:14:14:42 +0000] \"GET /api/articles/get/author HTTP/1.1\" 304 - \"http://localhost:3000/\" \"Mozilla/5.0 (Windows NT 10.0; Win64; x64) AppleWebKit/537.36 (KHTML, like Gecko) Chrome/123.0.0.0 Safari/537.36\""}
{"level":"info","message":"::1 - - [26/Mar/2024:14:14:56 +0000] \"POST /api/articles/create HTTP/1.1\" 201 200 \"http://localhost:3000/\" \"Mozilla/5.0 (Windows NT 10.0; Win64; x64) AppleWebKit/537.36 (KHTML, like Gecko) Chrome/123.0.0.0 Safari/537.36\""}
{"level":"info","message":"::1 - - [26/Mar/2024:14:14:59 +0000] \"GET /api/articles/get/author HTTP/1.1\" 200 211 \"http://localhost:3000/\" \"Mozilla/5.0 (Windows NT 10.0; Win64; x64) AppleWebKit/537.36 (KHTML, like Gecko) Chrome/123.0.0.0 Safari/537.36\""}
{"level":"info","message":"::1 - - [26/Mar/2024:14:15:01 +0000] \"GET /api/articles/get/author HTTP/1.1\" 304 - \"http://localhost:3000/\" \"Mozilla/5.0 (Windows NT 10.0; Win64; x64) AppleWebKit/537.36 (KHTML, like Gecko) Chrome/123.0.0.0 Safari/537.36\""}
{"level":"info","message":"::1 - - [26/Mar/2024:14:15:11 +0000] \"GET /api/auth/isauthenticated HTTP/1.1\" 200 307 \"-\" \"axios/1.6.7\""}
{"level":"info","message":"::1 - - [26/Mar/2024:14:15:12 +0000] \"GET /api/auth/isauthenticated HTTP/1.1\" 200 307 \"-\" \"axios/1.6.7\""}
{"level":"info","message":"::1 - - [26/Mar/2024:14:15:14 +0000] \"GET /api/articles/get/author HTTP/1.1\" 304 - \"http://localhost:3000/\" \"Mozilla/5.0 (Windows NT 10.0; Win64; x64) AppleWebKit/537.36 (KHTML, like Gecko) Chrome/123.0.0.0 Safari/537.36\""}
{"level":"info","message":"::1 - - [26/Mar/2024:14:15:16 +0000] \"GET /api/articles/get/author HTTP/1.1\" 304 - \"http://localhost:3000/\" \"Mozilla/5.0 (Windows NT 10.0; Win64; x64) AppleWebKit/537.36 (KHTML, like Gecko) Chrome/123.0.0.0 Safari/537.36\""}
{"level":"info","message":"::1 - - [26/Mar/2024:14:15:22 +0000] \"GET /api/articles HTTP/1.1\" 500 56 \"-\" \"axios/1.6.7\""}
{"level":"info","message":"::1 - - [26/Mar/2024:14:15:23 +0000] \"GET /api/articles HTTP/1.1\" 500 56 \"-\" \"axios/1.6.7\""}
{"level":"info","message":"::1 - - [26/Mar/2024:14:15:24 +0000] \"GET /api/articles HTTP/1.1\" 500 56 \"-\" \"axios/1.6.7\""}
{"level":"info","message":"::1 - - [26/Mar/2024:14:15:38 +0000] \"GET /api/articles HTTP/1.1\" 500 56 \"-\" \"axios/1.6.7\""}
{"level":"info","message":"::1 - - [26/Mar/2024:14:16:06 +0000] \"GET /api/auth/isauthenticated HTTP/1.1\" 200 307 \"-\" \"axios/1.6.7\""}
{"level":"info","message":"::1 - - [26/Mar/2024:14:16:12 +0000] \"GET /api/auth/isauthenticated HTTP/1.1\" 200 307 \"-\" \"axios/1.6.7\""}
{"level":"info","message":"::1 - - [26/Mar/2024:14:16:14 +0000] \"GET /api/articles HTTP/1.1\" 500 56 \"-\" \"axios/1.6.7\""}
{"level":"info","message":"::1 - - [26/Mar/2024:14:16:16 +0000] \"GET /api/articles HTTP/1.1\" 500 56 \"-\" \"axios/1.6.7\""}
{"level":"info","message":"::1 - - [26/Mar/2024:14:16:17 +0000] \"GET /api/articles HTTP/1.1\" 500 56 \"-\" \"axios/1.6.7\""}
{"level":"info","message":"::1 - - [26/Mar/2024:14:16:46 +0000] \"GET /api/articles HTTP/1.1\" 500 56 \"-\" \"axios/1.6.7\""}
{"level":"info","message":"::1 - - [26/Mar/2024:14:19:24 +0000] \"GET /api/auth/isauthenticated HTTP/1.1\" 200 307 \"-\" \"axios/1.6.7\""}
{"level":"info","message":"::1 - - [26/Mar/2024:14:19:26 +0000] \"GET /api/auth/isauthenticated HTTP/1.1\" 200 307 \"-\" \"axios/1.6.7\""}
{"level":"info","message":"::1 - - [26/Mar/2024:14:19:27 +0000] \"GET /api/articles HTTP/1.1\" 500 56 \"-\" \"axios/1.6.7\""}
{"level":"info","message":"::1 - - [26/Mar/2024:14:19:34 +0000] \"GET /api/articles HTTP/1.1\" 500 56 \"-\" \"axios/1.6.7\""}
{"level":"info","message":"Server is running on port 5300 in development mode"}
{"level":"info","message":"Database synced"}
{"level":"info","message":"::1 - - [26/Mar/2024:14:23:22 +0000] \"GET /api/articles HTTP/1.1\" 200 291 \"-\" \"axios/1.6.7\""}
{"level":"info","message":"::1 - - [26/Mar/2024:14:23:23 +0000] \"GET /api/auth/isauthenticated HTTP/1.1\" 200 307 \"-\" \"axios/1.6.7\""}
{"level":"info","message":"::1 - - [26/Mar/2024:14:23:23 +0000] \"GET /api/auth/isauthenticated HTTP/1.1\" 200 307 \"-\" \"axios/1.6.7\""}
{"level":"info","message":"::1 - - [26/Mar/2024:14:23:28 +0000] \"GET /api/auth/isauthenticated HTTP/1.1\" 200 307 \"-\" \"axios/1.6.7\""}
{"level":"info","message":"::1 - - [26/Mar/2024:14:23:28 +0000] \"GET /api/auth/isauthenticated HTTP/1.1\" 200 307 \"-\" \"axios/1.6.7\""}
{"level":"info","message":"::1 - - [26/Mar/2024:14:23:28 +0000] \"GET /api/articles/get/author HTTP/1.1\" 304 - \"http://localhost:3000/\" \"Mozilla/5.0 (Windows NT 10.0; Win64; x64) AppleWebKit/537.36 (KHTML, like Gecko) Chrome/123.0.0.0 Safari/537.36\""}
{"level":"info","message":"::1 - - [26/Mar/2024:14:23:28 +0000] \"GET /api/articles/get/author HTTP/1.1\" 304 - \"http://localhost:3000/\" \"Mozilla/5.0 (Windows NT 10.0; Win64; x64) AppleWebKit/537.36 (KHTML, like Gecko) Chrome/123.0.0.0 Safari/537.36\""}
{"level":"info","message":"::1 - - [26/Mar/2024:14:23:30 +0000] \"GET /api/articles/get?id=5d11baf9-50e9-4bc4-928f-0474f38e996e HTTP/1.1\" 500 56 \"-\" \"axios/1.6.7\""}
{"level":"info","message":"::1 - - [26/Mar/2024:14:23:30 +0000] \"GET /api/articles/get?id=5d11baf9-50e9-4bc4-928f-0474f38e996e HTTP/1.1\" 500 56 \"-\" \"axios/1.6.7\""}
{"level":"info","message":"Server is running on port 5300 in development mode"}
{"level":"info","message":"Database synced"}
{"level":"info","message":"::1 - - [26/Mar/2024:14:24:52 +0000] \"POST /api/auth/login HTTP/1.1\" 200 307 \"-\" \"axios/1.6.7\""}
{"level":"info","message":"::1 - - [26/Mar/2024:14:24:52 +0000] \"GET /api/articles HTTP/1.1\" 200 291 \"-\" \"axios/1.6.7\""}
{"level":"info","message":"::1 - - [26/Mar/2024:14:24:56 +0000] \"GET /api/auth/isauthenticated HTTP/1.1\" 200 307 \"-\" \"axios/1.6.7\""}
{"level":"info","message":"::1 - - [26/Mar/2024:14:24:56 +0000] \"GET /api/auth/isauthenticated HTTP/1.1\" 200 307 \"-\" \"axios/1.6.7\""}
{"level":"info","message":"::1 - - [26/Mar/2024:14:24:56 +0000] \"GET /api/articles/get/author HTTP/1.1\" 304 - \"http://localhost:3000/\" \"Mozilla/5.0 (Windows NT 10.0; Win64; x64) AppleWebKit/537.36 (KHTML, like Gecko) Chrome/123.0.0.0 Safari/537.36\""}
{"level":"info","message":"::1 - - [26/Mar/2024:14:24:56 +0000] \"GET /api/articles/get/author HTTP/1.1\" 304 - \"http://localhost:3000/\" \"Mozilla/5.0 (Windows NT 10.0; Win64; x64) AppleWebKit/537.36 (KHTML, like Gecko) Chrome/123.0.0.0 Safari/537.36\""}
{"level":"info","message":"::1 - - [26/Mar/2024:14:24:58 +0000] \"GET /api/articles/get?id=5d11baf9-50e9-4bc4-928f-0474f38e996e HTTP/1.1\" 500 56 \"-\" \"axios/1.6.7\""}
{"level":"info","message":"::1 - - [26/Mar/2024:14:24:58 +0000] \"GET /api/articles/get?id=5d11baf9-50e9-4bc4-928f-0474f38e996e HTTP/1.1\" 500 56 \"-\" \"axios/1.6.7\""}
{"level":"info","message":"Server is running on port 5300 in development mode"}
{"level":"info","message":"Database synced"}
{"level":"info","message":"::1 - - [26/Mar/2024:14:25:36 +0000] \"GET /api/articles/get?id=5d11baf9-50e9-4bc4-928f-0474f38e996e HTTP/1.1\" 200 200 \"-\" \"axios/1.6.7\""}
{"level":"info","message":"::1 - - [26/Mar/2024:14:25:37 +0000] \"GET /api/auth/isauthenticated HTTP/1.1\" 200 307 \"-\" \"axios/1.6.7\""}
{"level":"info","message":"::1 - - [26/Mar/2024:14:25:37 +0000] \"GET /api/auth/isauthenticated HTTP/1.1\" 200 307 \"-\" \"axios/1.6.7\""}
{"level":"info","message":"Server is running on port 5300 in development mode"}
{"level":"info","message":"Database synced"}
{"level":"info","message":"::1 - - [26/Mar/2024:14:27:44 +0000] \"PATCH /api/articles/update/5d11baf9-50e9-4bc4-928f-0474f38e996e HTTP/1.1\" - - \"http://localhost:3000/\" \"Mozilla/5.0 (Windows NT 10.0; Win64; x64) AppleWebKit/537.36 (KHTML, like Gecko) Chrome/123.0.0.0 Safari/537.36\""}
{"level":"info","message":"::1 - - [26/Mar/2024:14:27:44 +0000] \"PATCH /api/articles/update/5d11baf9-50e9-4bc4-928f-0474f38e996e HTTP/1.1\" - - \"http://localhost:3000/\" \"Mozilla/5.0 (Windows NT 10.0; Win64; x64) AppleWebKit/537.36 (KHTML, like Gecko) Chrome/123.0.0.0 Safari/537.36\""}
{"level":"info","message":"::1 - - [26/Mar/2024:14:27:44 +0000] \"GET /api/articles/get/author HTTP/1.1\" - - \"http://localhost:3000/\" \"Mozilla/5.0 (Windows NT 10.0; Win64; x64) AppleWebKit/537.36 (KHTML, like Gecko) Chrome/123.0.0.0 Safari/537.36\""}
{"level":"info","message":"::1 - - [26/Mar/2024:14:27:44 +0000] \"PATCH /api/articles/update/5d11baf9-50e9-4bc4-928f-0474f38e996e HTTP/1.1\" - - \"http://localhost:3000/\" \"Mozilla/5.0 (Windows NT 10.0; Win64; x64) AppleWebKit/537.36 (KHTML, like Gecko) Chrome/123.0.0.0 Safari/537.36\""}
{"level":"info","message":"::1 - - [26/Mar/2024:14:27:45 +0000] \"GET /api/auth/isauthenticated HTTP/1.1\" 200 307 \"-\" \"axios/1.6.7\""}
{"level":"info","message":"::1 - - [26/Mar/2024:14:27:45 +0000] \"GET /api/auth/isauthenticated HTTP/1.1\" 200 307 \"-\" \"axios/1.6.7\""}
{"level":"info","message":"::1 - - [26/Mar/2024:14:27:46 +0000] \"GET /api/articles/get/author HTTP/1.1\" - - \"http://localhost:3000/\" \"Mozilla/5.0 (Windows NT 10.0; Win64; x64) AppleWebKit/537.36 (KHTML, like Gecko) Chrome/123.0.0.0 Safari/537.36\""}
{"level":"info","message":"::1 - - [26/Mar/2024:14:27:46 +0000] \"GET /api/auth/isauthenticated HTTP/1.1\" 200 307 \"-\" \"axios/1.6.7\""}
{"level":"info","message":"::1 - - [26/Mar/2024:14:27:46 +0000] \"GET /api/auth/isauthenticated HTTP/1.1\" 200 307 \"-\" \"axios/1.6.7\""}
{"level":"info","message":"::1 - - [26/Mar/2024:14:27:48 +0000] \"GET /api/articles/get/author HTTP/1.1\" - - \"http://localhost:3000/\" \"Mozilla/5.0 (Windows NT 10.0; Win64; x64) AppleWebKit/537.36 (KHTML, like Gecko) Chrome/123.0.0.0 Safari/537.36\""}
{"level":"info","message":"::1 - - [26/Mar/2024:14:27:49 +0000] \"GET /api/auth/isauthenticated HTTP/1.1\" 200 307 \"-\" \"axios/1.6.7\""}
{"level":"info","message":"::1 - - [26/Mar/2024:14:27:49 +0000] \"GET /api/auth/isauthenticated HTTP/1.1\" 200 307 \"-\" \"axios/1.6.7\""}
{"level":"info","message":"::1 - - [26/Mar/2024:14:27:50 +0000] \"GET /api/articles HTTP/1.1\" 200 291 \"-\" \"axios/1.6.7\""}
{"level":"info","message":"::1 - - [26/Mar/2024:14:27:53 +0000] \"GET /api/auth/isauthenticated HTTP/1.1\" 200 307 \"-\" \"axios/1.6.7\""}
{"level":"info","message":"::1 - - [26/Mar/2024:14:27:53 +0000] \"GET /api/auth/isauthenticated HTTP/1.1\" 200 307 \"-\" \"axios/1.6.7\""}
{"level":"info","message":"::1 - - [26/Mar/2024:14:28:23 +0000] \"POST /api/articles/create HTTP/1.1\" - - \"http://localhost:3000/\" \"Mozilla/5.0 (Windows NT 10.0; Win64; x64) AppleWebKit/537.36 (KHTML, like Gecko) Chrome/123.0.0.0 Safari/537.36\""}
{"level":"info","message":"::1 - - [26/Mar/2024:14:28:23 +0000] \"GET /api/articles/get/author HTTP/1.1\" - - \"http://localhost:3000/\" \"Mozilla/5.0 (Windows NT 10.0; Win64; x64) AppleWebKit/537.36 (KHTML, like Gecko) Chrome/123.0.0.0 Safari/537.36\""}
{"level":"info","message":"::1 - - [26/Mar/2024:14:28:23 +0000] \"POST /api/articles/create HTTP/1.1\" - - \"http://localhost:3000/\" \"Mozilla/5.0 (Windows NT 10.0; Win64; x64) AppleWebKit/537.36 (KHTML, like Gecko) Chrome/123.0.0.0 Safari/537.36\""}
{"level":"info","message":"::1 - - [26/Mar/2024:14:28:23 +0000] \"GET /api/articles/get/author HTTP/1.1\" - - \"http://localhost:3000/\" \"Mozilla/5.0 (Windows NT 10.0; Win64; x64) AppleWebKit/537.36 (KHTML, like Gecko) Chrome/123.0.0.0 Safari/537.36\""}
{"level":"info","message":"::1 - - [26/Mar/2024:14:28:23 +0000] \"GET /api/auth/isauthenticated HTTP/1.1\" 200 307 \"-\" \"axios/1.6.7\""}
{"level":"info","message":"::1 - - [26/Mar/2024:14:28:23 +0000] \"GET /api/auth/isauthenticated HTTP/1.1\" 200 307 \"-\" \"axios/1.6.7\""}
{"level":"info","message":"::1 - - [26/Mar/2024:14:28:25 +0000] \"GET /api/articles HTTP/1.1\" 200 291 \"-\" \"axios/1.6.7\""}
{"level":"info","message":"::1 - - [26/Mar/2024:14:28:33 +0000] \"GET /api/articles HTTP/1.1\" 200 291 \"-\" \"axios/1.6.7\""}
{"level":"info","message":"::1 - - [26/Mar/2024:14:28:33 +0000] \"GET /api/articles/get/author HTTP/1.1\" - - \"http://localhost:3000/\" \"Mozilla/5.0 (Windows NT 10.0; Win64; x64) AppleWebKit/537.36 (KHTML, like Gecko) Chrome/123.0.0.0 Safari/537.36\""}
{"level":"info","message":"::1 - - [26/Mar/2024:14:28:34 +0000] \"GET /api/auth/isauthenticated HTTP/1.1\" 200 307 \"-\" \"axios/1.6.7\""}
{"level":"info","message":"::1 - - [26/Mar/2024:14:28:34 +0000] \"GET /api/auth/isauthenticated HTTP/1.1\" 200 307 \"-\" \"axios/1.6.7\""}
{"level":"info","message":"::1 - - [26/Mar/2024:14:28:48 +0000] \"GET /api/auth/isauthenticated HTTP/1.1\" 200 307 \"-\" \"axios/1.6.7\""}
{"level":"info","message":"::1 - - [26/Mar/2024:14:28:48 +0000] \"GET /api/auth/isauthenticated HTTP/1.1\" 200 307 \"-\" \"axios/1.6.7\""}
{"level":"info","message":"::1 - - [26/Mar/2024:14:29:44 +0000] \"GET /api/articles HTTP/1.1\" 200 291 \"-\" \"axios/1.6.7\""}
{"level":"info","message":"Server is running on port 5300 in development mode"}
{"level":"info","message":"Database synced"}
{"level":"info","message":"::1 - - [26/Mar/2024:14:30:46 +0000] \"POST /api/auth/login HTTP/1.1\" 200 307 \"-\" \"axios/1.6.7\""}
{"level":"info","message":"::1 - - [26/Mar/2024:14:30:46 +0000] \"GET /api/articles HTTP/1.1\" 200 291 \"-\" \"axios/1.6.7\""}
{"level":"info","message":"::1 - - [26/Mar/2024:14:30:52 +0000] \"GET /api/auth/isauthenticated HTTP/1.1\" 200 307 \"-\" \"axios/1.6.7\""}
{"level":"info","message":"::1 - - [26/Mar/2024:14:30:52 +0000] \"GET /api/auth/isauthenticated HTTP/1.1\" 200 307 \"-\" \"axios/1.6.7\""}
{"level":"info","message":"::1 - - [26/Mar/2024:14:30:52 +0000] \"GET /api/articles/get/author HTTP/1.1\" 200 211 \"http://localhost:3000/\" \"Mozilla/5.0 (Windows NT 10.0; Win64; x64) AppleWebKit/537.36 (KHTML, like Gecko) Chrome/123.0.0.0 Safari/537.36\""}
{"level":"info","message":"::1 - - [26/Mar/2024:14:30:52 +0000] \"GET /api/articles/get/author HTTP/1.1\" 304 - \"http://localhost:3000/\" \"Mozilla/5.0 (Windows NT 10.0; Win64; x64) AppleWebKit/537.36 (KHTML, like Gecko) Chrome/123.0.0.0 Safari/537.36\""}
{"level":"info","message":"::1 - - [26/Mar/2024:14:30:57 +0000] \"DELETE /api/articles/delete/5d11baf9-50e9-4bc4-928f-0474f38e996e HTTP/1.1\" 200 1 \"http://localhost:3000/\" \"Mozilla/5.0 (Windows NT 10.0; Win64; x64) AppleWebKit/537.36 (KHTML, like Gecko) Chrome/123.0.0.0 Safari/537.36\""}
{"level":"info","message":"::1 - - [26/Mar/2024:14:30:57 +0000] \"GET /api/articles/get/author HTTP/1.1\" 200 11 \"http://localhost:3000/\" \"Mozilla/5.0 (Windows NT 10.0; Win64; x64) AppleWebKit/537.36 (KHTML, like Gecko) Chrome/123.0.0.0 Safari/537.36\""}
{"level":"info","message":"::1 - - [26/Mar/2024:14:31:03 +0000] \"GET /api/auth/isauthenticated HTTP/1.1\" 200 307 \"-\" \"axios/1.6.7\""}
{"level":"info","message":"::1 - - [26/Mar/2024:14:31:03 +0000] \"GET /api/auth/isauthenticated HTTP/1.1\" 200 307 \"-\" \"axios/1.6.7\""}
{"level":"info","message":"::1 - - [26/Mar/2024:14:31:03 +0000] \"GET /api/articles/get/author HTTP/1.1\" 304 - \"http://localhost:3000/\" \"Mozilla/5.0 (Windows NT 10.0; Win64; x64) AppleWebKit/537.36 (KHTML, like Gecko) Chrome/123.0.0.0 Safari/537.36\""}
{"level":"info","message":"::1 - - [26/Mar/2024:14:31:03 +0000] \"GET /api/articles/get/author HTTP/1.1\" 304 - \"http://localhost:3000/\" \"Mozilla/5.0 (Windows NT 10.0; Win64; x64) AppleWebKit/537.36 (KHTML, like Gecko) Chrome/123.0.0.0 Safari/537.36\""}
{"level":"info","message":"::1 - - [26/Mar/2024:14:31:04 +0000] \"GET /api/articles HTTP/1.1\" 200 11 \"-\" \"axios/1.6.7\""}
{"level":"info","message":"::1 - - [26/Mar/2024:14:31:07 +0000] \"GET /api/auth/isauthenticated HTTP/1.1\" 200 307 \"-\" \"axios/1.6.7\""}
{"level":"info","message":"::1 - - [26/Mar/2024:14:31:07 +0000] \"GET /api/auth/isauthenticated HTTP/1.1\" 200 307 \"-\" \"axios/1.6.7\""}
{"level":"info","message":"::1 - - [26/Mar/2024:14:31:07 +0000] \"GET /api/articles/get/author HTTP/1.1\" 304 - \"http://localhost:3000/\" \"Mozilla/5.0 (Windows NT 10.0; Win64; x64) AppleWebKit/537.36 (KHTML, like Gecko) Chrome/123.0.0.0 Safari/537.36\""}
{"level":"info","message":"::1 - - [26/Mar/2024:14:31:07 +0000] \"GET /api/articles/get/author HTTP/1.1\" 304 - \"http://localhost:3000/\" \"Mozilla/5.0 (Windows NT 10.0; Win64; x64) AppleWebKit/537.36 (KHTML, like Gecko) Chrome/123.0.0.0 Safari/537.36\""}
{"level":"info","message":"::1 - - [26/Mar/2024:14:31:37 +0000] \"POST /api/articles/create HTTP/1.1\" 201 203 \"http://localhost:3000/\" \"Mozilla/5.0 (Windows NT 10.0; Win64; x64) AppleWebKit/537.36 (KHTML, like Gecko) Chrome/123.0.0.0 Safari/537.36\""}
{"level":"info","message":"::1 - - [26/Mar/2024:14:31:37 +0000] \"GET /api/articles/get/author HTTP/1.1\" 200 214 \"http://localhost:3000/\" \"Mozilla/5.0 (Windows NT 10.0; Win64; x64) AppleWebKit/537.36 (KHTML, like Gecko) Chrome/123.0.0.0 Safari/537.36\""}
{"level":"info","message":"::1 - - [26/Mar/2024:14:31:37 +0000] \"GET /api/articles/get/author HTTP/1.1\" 304 - \"http://localhost:3000/\" \"Mozilla/5.0 (Windows NT 10.0; Win64; x64) AppleWebKit/537.36 (KHTML, like Gecko) Chrome/123.0.0.0 Safari/537.36\""}
{"level":"info","message":"::1 - - [26/Mar/2024:14:31:43 +0000] \"GET /api/articles HTTP/1.1\" 200 294 \"-\" \"axios/1.6.7\""}
{"level":"info","message":"::1 - - [26/Mar/2024:14:38:35 +0000] \"GET /api/articles HTTP/1.1\" 200 294 \"-\" \"axios/1.6.7\""}
{"level":"info","message":"::1 - - [26/Mar/2024:14:38:35 +0000] \"GET /api/auth/isauthenticated HTTP/1.1\" 200 307 \"-\" \"axios/1.6.7\""}
{"level":"info","message":"::1 - - [26/Mar/2024:14:38:36 +0000] \"GET /api/articles HTTP/1.1\" 200 294 \"-\" \"axios/1.6.7\""}
{"level":"info","message":"::1 - - [26/Mar/2024:14:38:36 +0000] \"GET /api/auth/isauthenticated HTTP/1.1\" 200 307 \"-\" \"axios/1.6.7\""}
{"level":"info","message":"::1 - - [26/Mar/2024:14:38:36 +0000] \"GET /api/auth/isauthenticated HTTP/1.1\" 200 307 \"-\" \"axios/1.6.7\""}
{"level":"info","message":"::1 - - [26/Mar/2024:14:38:36 +0000] \"GET /api/articles/get/author HTTP/1.1\" 304 - \"http://localhost:3000/\" \"Mozilla/5.0 (Windows NT 10.0; Win64; x64) AppleWebKit/537.36 (KHTML, like Gecko) Chrome/123.0.0.0 Safari/537.36\""}
{"level":"info","message":"::1 - - [26/Mar/2024:14:38:36 +0000] \"GET /api/articles/get/author HTTP/1.1\" 304 - \"http://localhost:3000/\" \"Mozilla/5.0 (Windows NT 10.0; Win64; x64) AppleWebKit/537.36 (KHTML, like Gecko) Chrome/123.0.0.0 Safari/537.36\""}
{"level":"info","message":"Server is running on port 5300 in development mode"}
{"level":"info","message":"Database synced"}
{"level":"info","message":"::1 - - [26/Mar/2024:14:39:25 +0000] \"POST /api/auth/login HTTP/1.1\" 200 307 \"-\" \"axios/1.6.7\""}
{"level":"info","message":"::1 - - [26/Mar/2024:14:39:26 +0000] \"GET /api/articles HTTP/1.1\" 200 294 \"-\" \"axios/1.6.7\""}
{"level":"info","message":"::1 - - [26/Mar/2024:14:39:28 +0000] \"GET /api/auth/isauthenticated HTTP/1.1\" 200 307 \"-\" \"axios/1.6.7\""}
{"level":"info","message":"::1 - - [26/Mar/2024:14:39:28 +0000] \"GET /api/auth/isauthenticated HTTP/1.1\" 200 307 \"-\" \"axios/1.6.7\""}
{"level":"info","message":"::1 - - [26/Mar/2024:14:39:28 +0000] \"GET /api/articles/get/author HTTP/1.1\" 304 - \"http://localhost:3000/\" \"Mozilla/5.0 (Windows NT 10.0; Win64; x64) AppleWebKit/537.36 (KHTML, like Gecko) Chrome/123.0.0.0 Safari/537.36\""}
{"level":"info","message":"::1 - - [26/Mar/2024:14:39:28 +0000] \"GET /api/articles/get/author HTTP/1.1\" 304 - \"http://localhost:3000/\" \"Mozilla/5.0 (Windows NT 10.0; Win64; x64) AppleWebKit/537.36 (KHTML, like Gecko) Chrome/123.0.0.0 Safari/537.36\""}
{"level":"info","message":"::1 - - [26/Mar/2024:14:39:29 +0000] \"GET /api/articles/get?id=8851761d-a7b6-459f-b234-0298561859a0 HTTP/1.1\" 500 56 \"-\" \"axios/1.6.7\""}
{"level":"info","message":"::1 - - [26/Mar/2024:14:39:29 +0000] \"GET /api/articles/get?id=8851761d-a7b6-459f-b234-0298561859a0 HTTP/1.1\" 500 56 \"-\" \"axios/1.6.7\""}
{"level":"info","message":"Server is running on port 5300 in development mode"}
{"level":"info","message":"Database synced"}
{"level":"info","message":"::1 - - [27/Mar/2024:09:50:32 +0000] \"POST /api/auth/login HTTP/1.1\" 200 307 \"-\" \"axios/1.6.7\""}
{"level":"info","message":"::1 - - [27/Mar/2024:09:50:32 +0000] \"GET /api/articles HTTP/1.1\" 200 314 \"-\" \"axios/1.6.7\""}
{"level":"info","message":"::1 - - [27/Mar/2024:09:50:38 +0000] \"GET /api/auth/isauthenticated HTTP/1.1\" 200 307 \"-\" \"axios/1.6.7\""}
{"level":"info","message":"::1 - - [27/Mar/2024:09:50:38 +0000] \"GET /api/auth/isauthenticated HTTP/1.1\" 200 307 \"-\" \"axios/1.6.7\""}
{"level":"info","message":"::1 - - [27/Mar/2024:09:50:38 +0000] \"GET /api/articles/get/author HTTP/1.1\" 304 - \"http://localhost:3000/\" \"Mozilla/5.0 (Windows NT 10.0; Win64; x64) AppleWebKit/537.36 (KHTML, like Gecko) Chrome/123.0.0.0 Safari/537.36\""}
{"level":"info","message":"::1 - - [27/Mar/2024:09:50:38 +0000] \"GET /api/articles/get/author HTTP/1.1\" 304 - \"http://localhost:3000/\" \"Mozilla/5.0 (Windows NT 10.0; Win64; x64) AppleWebKit/537.36 (KHTML, like Gecko) Chrome/123.0.0.0 Safari/537.36\""}
{"level":"info","message":"Server is running on port 5300 in development mode"}
{"level":"info","message":"Database synced"}
{"level":"info","message":"Server is running on port 5300 in development mode"}
{"level":"info","message":"Database synced"}
{"level":"info","message":"Server is running on port 5300 in development mode"}
{"level":"info","message":"Database synced"}
{"level":"info","message":"Server is running on port 5300 in development mode"}
{"level":"info","message":"Database synced"}
{"level":"info","message":"Server is running on port 5300 in development mode"}
{"level":"info","message":"Database synced"}
{"level":"info","message":"Server is running on port 5300 in development mode"}
{"level":"info","message":"Database synced"}
{"level":"info","message":"Server is running on port 5300 in development mode"}
{"level":"info","message":"Database synced"}
{"level":"info","message":"Server is running on port 5300 in development mode"}
{"level":"info","message":"Database synced"}
{"level":"info","message":"Server is running on port 5300 in development mode"}
{"level":"info","message":"Database synced"}
{"level":"info","message":"::1 - - [27/Mar/2024:11:00:42 +0000] \"POST /api/auth/register HTTP/1.1\" 201 283 \"http://localhost:3000/\" \"Mozilla/5.0 (Windows NT 10.0; Win64; x64) AppleWebKit/537.36 (KHTML, like Gecko) Chrome/123.0.0.0 Safari/537.36\""}
{"level":"info","message":"::1 - - [27/Mar/2024:11:00:59 +0000] \"POST /api/auth/login HTTP/1.1\" 200 336 \"-\" \"axios/1.6.7\""}
{"level":"info","message":"::1 - - [27/Mar/2024:11:01:00 +0000] \"GET /api/articles HTTP/1.1\" 500 33 \"-\" \"axios/1.6.7\""}
{"level":"info","message":"::1 - - [27/Mar/2024:11:01:00 +0000] \"GET /api/articles HTTP/1.1\" 500 33 \"-\" \"axios/1.6.7\""}
{"level":"info","message":"::1 - - [27/Mar/2024:11:01:01 +0000] \"GET /api/articles HTTP/1.1\" 500 33 \"-\" \"axios/1.6.7\""}
{"level":"info","message":"::1 - - [27/Mar/2024:11:01:01 +0000] \"GET /api/articles HTTP/1.1\" 500 33 \"-\" \"axios/1.6.7\""}
{"level":"info","message":"::1 - - [27/Mar/2024:11:01:01 +0000] \"GET /api/articles HTTP/1.1\" 500 33 \"-\" \"axios/1.6.7\""}
{"level":"info","message":"Server is running on port 5300 in development mode"}
{"level":"info","message":"Database synced"}
{"level":"info","message":"Server is running on port 5300 in development mode"}
{"level":"info","message":"Database synced"}
{"level":"info","message":"::1 - - [27/Mar/2024:11:04:40 +0000] \"GET /api/articles HTTP/1.1\" 200 11 \"-\" \"axios/1.6.7\""}
{"level":"info","message":"Server is running on port 5300 in development mode"}
{"level":"info","message":"Database synced"}
{"level":"info","message":"Server is running on port 5300 in development mode"}
{"level":"info","message":"Database synced"}
{"level":"info","message":"Server is running on port 5300 in development mode"}
{"level":"info","message":"Database synced"}
{"level":"info","message":"Server is running on port 5300 in development mode"}
{"level":"info","message":"Database synced"}
{"level":"info","message":"Server is running on port 5300 in development mode"}
{"level":"info","message":"Database synced"}
{"level":"info","message":"Server is running on port 5300 in development mode"}
{"level":"info","message":"Database synced"}
{"level":"info","message":"Server is running on port 5300 in development mode"}
{"level":"info","message":"Database synced"}
{"level":"info","message":"Server is running on port 5300 in development mode"}
{"level":"info","message":"Database synced"}
{"level":"info","message":"::1 - - [27/Mar/2024:11:47:40 +0000] \"POST /api/auth/register HTTP/1.1\" 201 283 \"http://localhost:3000/\" \"Mozilla/5.0 (Windows NT 10.0; Win64; x64) AppleWebKit/537.36 (KHTML, like Gecko) Chrome/123.0.0.0 Safari/537.36\""}
{"level":"info","message":"Server is running on port 5300 in development mode"}
{"level":"info","message":"Database synced"}
{"level":"info","message":"Server is running on port 5300 in development mode"}
{"level":"info","message":"Database synced"}
{"level":"info","message":"Server is running on port 5300 in development mode"}
{"level":"info","message":"Database synced"}
{"level":"info","message":"::1 - - [04/Apr/2024:17:12:36 +0000] \"GET /api/auth/isauthenticated HTTP/1.1\" 500 56 \"-\" \"axios/1.6.7\""}
{"level":"info","message":"::1 - - [04/Apr/2024:17:12:36 +0000] \"GET /api/auth/isauthenticated HTTP/1.1\" 500 56 \"-\" \"axios/1.6.7\""}
{"level":"info","message":"::1 - - [04/Apr/2024:17:12:58 +0000] \"POST /api/auth/register HTTP/1.1\" 201 270 \"http://localhost:3000/\" \"Mozilla/5.0 (Windows NT 10.0; Win64; x64) AppleWebKit/537.36 (KHTML, like Gecko) Chrome/123.0.0.0 Safari/537.36\""}
{"level":"info","message":"Server is running on port 5300 in development mode"}
{"level":"info","message":"Database synced"}
{"level":"info","message":"Server is running on port 5300 in development mode"}
{"level":"info","message":"Database synced"}
{"level":"info","message":"Server is running on port 5300 in development mode"}
{"level":"info","message":"Database synced"}
{"level":"info","message":"Server is running on port 5300 in development mode"}
{"level":"info","message":"Database synced"}
{"level":"info","message":"Server is running on port 5300 in development mode"}
{"level":"info","message":"Database synced"}
{"level":"info","message":"Server is running on port 5300 in development mode"}
{"level":"info","message":"Database synced"}
{"code":"AUTH001","level":"error","message":"Unauthorized","statusCode":401}
{"level":"info","message":"::1 - - [04/Apr/2024:17:26:51 +0000] \"POST /api/auth/login HTTP/1.1\" 401 53 \"-\" \"axios/1.6.7\""}
{"level":"info","message":"::1 - - [04/Apr/2024:17:27:32 +0000] \"POST /api/auth/register HTTP/1.1\" 201 273 \"http://localhost:3000/\" \"Mozilla/5.0 (Windows NT 10.0; Win64; x64) AppleWebKit/537.36 (KHTML, like Gecko) Chrome/123.0.0.0 Safari/537.36\""}
{"code":"AUTH001","level":"error","message":"Unauthorized","statusCode":401}
{"level":"info","message":"::1 - - [04/Apr/2024:17:27:52 +0000] \"POST /api/auth/login HTTP/1.1\" 401 53 \"-\" \"axios/1.6.7\""}
{"level":"info","message":"::1 - - [04/Apr/2024:17:28:03 +0000] \"POST /api/auth/login HTTP/1.1\" 200 326 \"-\" \"axios/1.6.7\""}
{"level":"info","message":"::1 - - [04/Apr/2024:17:28:06 +0000] \"GET /api/articles HTTP/1.1\" 200 11 \"-\" \"axios/1.6.7\""}
{"level":"info","message":"::1 - - [04/Apr/2024:17:28:18 +0000] \"GET /api/auth/isauthenticated HTTP/1.1\" 200 326 \"-\" \"axios/1.6.7\""}
{"level":"info","message":"::1 - - [04/Apr/2024:17:28:18 +0000] \"GET /api/auth/isauthenticated HTTP/1.1\" 200 326 \"-\" \"axios/1.6.7\""}
{"level":"info","message":"::1 - - [04/Apr/2024:17:31:22 +0000] \"GET /api/auth/isauthenticated HTTP/1.1\" 200 326 \"-\" \"axios/1.6.7\""}
{"level":"info","message":"::1 - - [04/Apr/2024:17:31:23 +0000] \"GET /api/auth/isauthenticated HTTP/1.1\" 200 326 \"-\" \"axios/1.6.7\""}
{"level":"info","message":"::1 - - [04/Apr/2024:17:31:35 +0000] \"GET /api/auth/isauthenticated HTTP/1.1\" 200 326 \"-\" \"axios/1.6.7\""}
{"level":"info","message":"::1 - - [04/Apr/2024:17:31:36 +0000] \"GET /api/auth/isauthenticated HTTP/1.1\" 200 326 \"-\" \"axios/1.6.7\""}
{"level":"info","message":"::1 - - [04/Apr/2024:17:35:39 +0000] \"GET /api/auth/isauthenticated HTTP/1.1\" 200 326 \"-\" \"axios/1.6.7\""}
{"level":"info","message":"::1 - - [04/Apr/2024:17:35:40 +0000] \"GET /api/auth/isauthenticated HTTP/1.1\" 200 326 \"-\" \"axios/1.6.7\""}
{"level":"info","message":"::1 - - [04/Apr/2024:17:35:57 +0000] \"GET /api/auth/isauthenticated HTTP/1.1\" 200 326 \"-\" \"axios/1.6.7\""}
{"level":"info","message":"::1 - - [04/Apr/2024:17:35:57 +0000] \"GET /api/auth/isauthenticated HTTP/1.1\" 200 326 \"-\" \"axios/1.6.7\""}
{"level":"info","message":"::1 - - [04/Apr/2024:17:37:02 +0000] \"GET /api/auth/isauthenticated HTTP/1.1\" 200 326 \"-\" \"axios/1.6.7\""}
{"level":"info","message":"::1 - - [04/Apr/2024:17:37:03 +0000] \"GET /api/auth/isauthenticated HTTP/1.1\" 200 326 \"-\" \"axios/1.6.7\""}
{"level":"info","message":"Server is running on port 5300 in development mode"}
{"level":"info","message":"Database synced"}
{"level":"info","message":"Server is running on port 5300 in development mode"}
{"level":"info","message":"Database synced"}
{"level":"info","message":"Server is running on port 5300 in development mode"}
{"level":"info","message":"Database synced"}
{"level":"info","message":"Server is running on port 5300 in development mode"}
{"level":"info","message":"Database synced"}
{"level":"info","message":"Server is running on port 5300 in development mode"}
{"level":"info","message":"Database synced"}
{"level":"info","message":"Server is running on port 5300 in development mode"}
{"level":"info","message":"Database synced"}
{"level":"info","message":"Server is running on port 5300 in development mode"}
{"level":"info","message":"Database synced"}
{"level":"info","message":"Server is running on port 5300 in development mode"}
{"level":"info","message":"Database synced"}
{"level":"info","message":"Server is running on port 5300 in development mode"}
{"level":"info","message":"Database synced"}
{"level":"info","message":"Server is running on port 5300 in development mode"}
{"level":"info","message":"Database synced"}
{"level":"info","message":"Server is running on port 5300 in development mode"}
{"level":"info","message":"Database synced"}
{"level":"info","message":"Server is running on port 5300 in development mode"}
{"level":"info","message":"Database synced"}
{"level":"info","message":"Server is running on port 5300 in development mode"}
{"level":"info","message":"Database synced"}
{"level":"info","message":"::1 - - [06/Apr/2024:14:03:37 +0000] \"POST /api/auth/register HTTP/1.1\" 201 290 \"http://localhost:3000/\" \"Mozilla/5.0 (Windows NT 10.0; Win64; x64) AppleWebKit/537.36 (KHTML, like Gecko) Chrome/123.0.0.0 Safari/537.36\""}
{"level":"info","message":"::1 - - [06/Apr/2024:14:03:46 +0000] \"POST /api/auth/login HTTP/1.1\" 200 343 \"-\" \"axios/1.6.7\""}
{"level":"info","message":"::1 - - [06/Apr/2024:14:03:47 +0000] \"GET /api/articles HTTP/1.1\" 200 11 \"-\" \"axios/1.6.7\""}
{"level":"info","message":"::1 - - [06/Apr/2024:14:03:51 +0000] \"GET /api/auth/isauthenticated HTTP/1.1\" 200 343 \"-\" \"axios/1.6.7\""}
{"level":"info","message":"::1 - - [06/Apr/2024:14:03:51 +0000] \"GET /api/auth/isauthenticated HTTP/1.1\" 200 343 \"-\" \"axios/1.6.7\""}
{"level":"info","message":"Server is running on port 5300 in development mode"}
{"level":"info","message":"Database synced"}
{"level":"info","message":"Server is running on port 5300 in development mode"}
{"level":"info","message":"Database synced"}
{"level":"info","message":"Server is running on port 5300 in development mode"}
{"level":"info","message":"Database synced"}
{"level":"info","message":"Server is running on port 5300 in development mode"}
{"level":"info","message":"Database synced"}
{"level":"info","message":"Server is running on port 5300 in development mode"}
{"level":"info","message":"Database synced"}
{"level":"info","message":"Server is running on port 5300 in development mode"}
{"level":"info","message":"Database synced"}
