{"code":"AUTH004","level":"error","name":"CustomError","statusCode":401}
{"code":"AUTH004","level":"error","name":"CustomError","statusCode":401}
{"code":"ENOENT","errno":-4058,"level":"error","path":"C:\\Users\\User\\Desktop\\New folder (3)\\server\\uploads\\1713420935734-643811088.jpeg","storageErrors":[],"syscall":"open"}
{"code":"ENOENT","errno":-4058,"level":"error","path":"C:\\Users\\User\\Desktop\\New folder (3)\\server\\uploads\\1713420957368-196762536.jpeg","storageErrors":[],"syscall":"open"}
{"code":"ENOENT","errno":-4058,"level":"error","path":"C:\\Users\\User\\Desktop\\New folder (3)\\server\\uploads\\1713421022228-440354322.jpeg","storageErrors":[],"syscall":"open"}
{"code":"ENOENT","errno":-4058,"level":"error","path":"C:\\Users\\User\\Desktop\\New folder (3)\\server\\uploads\\1713421096987-987644327.jpeg","storageErrors":[],"syscall":"open"}
{"code":"ENOENT","errno":-4058,"level":"error","path":"C:\\Users\\User\\Desktop\\New folder (3)\\server\\uploads\\68020-1st.JPG","storageErrors":[],"syscall":"open"}
{"errors":[{"instance":{"createdAt":"2024-04-18T06:19:53.754Z","description":"","id":"ea9663fa-fd4c-4ede-bf91-c80c0d5f0bf7","isActive":true,"name":"","ownerId":"ca53c3e0-ac67-43eb-8f4c-585cc6a3c7c9","price":"0","updatedAt":"2024-04-18T06:19:53.754Z"},"message":"Product.categoryId cannot be null","origin":"CORE","path":"categoryId","type":"notNull Violation","validatorArgs":[],"validatorKey":"is_null","validatorName":null,"value":null},{"instance":{"createdAt":"2024-04-18T06:19:53.754Z","description":"","id":"ea9663fa-fd4c-4ede-bf91-c80c0d5f0bf7","isActive":true,"name":"","ownerId":"ca53c3e0-ac67-43eb-8f4c-585cc6a3c7c9","price":"0","updatedAt":"2024-04-18T06:19:53.754Z"},"message":"Product.subcategoryId cannot be null","origin":"CORE","path":"subcategoryId","type":"notNull Violation","validatorArgs":[],"validatorKey":"is_null","validatorName":null,"value":null}],"level":"error","name":"SequelizeValidationError"}
{"errors":[{"instance":{"createdAt":"2024-04-18T06:27:22.886Z","description":"dasd","id":"e64a230f-83a2-443c-8966-616907871de8","isActive":"on","name":"asdas","ownerId":"ca53c3e0-ac67-43eb-8f4c-585cc6a3c7c9","price":"21","updatedAt":"2024-04-18T06:27:22.886Z"},"message":"Product.categoryId cannot be null","origin":"CORE","path":"categoryId","type":"notNull Violation","validatorArgs":[],"validatorKey":"is_null","validatorName":null,"value":null},{"instance":{"createdAt":"2024-04-18T06:27:22.886Z","description":"dasd","id":"e64a230f-83a2-443c-8966-616907871de8","isActive":"on","name":"asdas","ownerId":"ca53c3e0-ac67-43eb-8f4c-585cc6a3c7c9","price":"21","updatedAt":"2024-04-18T06:27:22.886Z"},"message":"Product.subcategoryId cannot be null","origin":"CORE","path":"subcategoryId","type":"notNull Violation","validatorArgs":[],"validatorKey":"is_null","validatorName":null,"value":null}],"level":"error","name":"SequelizeValidationError"}
{"errors":[{"instance":{"createdAt":"2024-04-18T06:43:49.978Z","description":"dasd","id":"90984099-3a21-413b-9e93-b2bddf907b25","isActive":"on","name":"asdas","ownerId":"ca53c3e0-ac67-43eb-8f4c-585cc6a3c7c9","price":"21","updatedAt":"2024-04-18T06:43:49.978Z"},"message":"Product.categoryId cannot be null","origin":"CORE","path":"categoryId","type":"notNull Violation","validatorArgs":[],"validatorKey":"is_null","validatorName":null,"value":null},{"instance":{"createdAt":"2024-04-18T06:43:49.978Z","description":"dasd","id":"90984099-3a21-413b-9e93-b2bddf907b25","isActive":"on","name":"asdas","ownerId":"ca53c3e0-ac67-43eb-8f4c-585cc6a3c7c9","price":"21","updatedAt":"2024-04-18T06:43:49.978Z"},"message":"Product.subcategoryId cannot be null","origin":"CORE","path":"subcategoryId","type":"notNull Violation","validatorArgs":[],"validatorKey":"is_null","validatorName":null,"value":null}],"level":"error","name":"SequelizeValidationError"}
{"errors":[{"instance":{"createdAt":"2024-04-18T07:31:55.315Z","description":"dasdas","id":"d04fcc73-7268-4fe8-a5df-359e27554df7","isActive":"on","name":"dasdas","ownerId":"ca53c3e0-ac67-43eb-8f4c-585cc6a3c7c9","price":"12","updatedAt":"2024-04-18T07:31:55.315Z"},"message":"Product.categoryId cannot be null","origin":"CORE","path":"categoryId","type":"notNull Violation","validatorArgs":[],"validatorKey":"is_null","validatorName":null,"value":null},{"instance":{"createdAt":"2024-04-18T07:31:55.315Z","description":"dasdas","id":"d04fcc73-7268-4fe8-a5df-359e27554df7","isActive":"on","name":"dasdas","ownerId":"ca53c3e0-ac67-43eb-8f4c-585cc6a3c7c9","price":"12","updatedAt":"2024-04-18T07:31:55.315Z"},"message":"Product.subcategoryId cannot be null","origin":"CORE","path":"subcategoryId","type":"notNull Violation","validatorArgs":[],"validatorKey":"is_null","validatorName":null,"value":null}],"level":"error","name":"SequelizeValidationError"}
{"errors":[{"instance":{"createdAt":"2024-04-18T07:35:25.467Z","description":"dasdas","id":"ba335045-4ace-4be5-9ba2-ba474fd529ad","isActive":"on","name":"dasdas","ownerId":"ca53c3e0-ac67-43eb-8f4c-585cc6a3c7c9","price":"12","updatedAt":"2024-04-18T07:35:25.467Z"},"message":"Product.categoryId cannot be null","origin":"CORE","path":"categoryId","type":"notNull Violation","validatorArgs":[],"validatorKey":"is_null","validatorName":null,"value":null},{"instance":{"createdAt":"2024-04-18T07:35:25.467Z","description":"dasdas","id":"ba335045-4ace-4be5-9ba2-ba474fd529ad","isActive":"on","name":"dasdas","ownerId":"ca53c3e0-ac67-43eb-8f4c-585cc6a3c7c9","price":"12","updatedAt":"2024-04-18T07:35:25.467Z"},"message":"Product.subcategoryId cannot be null","origin":"CORE","path":"subcategoryId","type":"notNull Violation","validatorArgs":[],"validatorKey":"is_null","validatorName":null,"value":null}],"level":"error","name":"SequelizeValidationError"}
{"code":"AUTH004","level":"error","name":"CustomError","statusCode":401}
{"code":"AUTH004","level":"error","name":"CustomError","statusCode":401}
{"code":"ENOENT","errno":-4058,"level":"error","path":"C:\\Users\\User\\Desktop\\New folder (3)\\server\\uploads\\66542-IMG-20240409-WA0031.jpg","storageErrors":[],"syscall":"open"}
{"code":"ENOENT","errno":-4058,"level":"error","path":"C:\\Users\\User\\Desktop\\New folder (3)\\server\\uploads\\63970-IMG-20240409-WA0031.jpg","storageErrors":[],"syscall":"open"}
{"code":"ENOENT","errno":-4058,"level":"error","path":"C:\\Users\\User\\Desktop\\New folder (3)\\server\\uploads\\90208-3rd.jpg","storageErrors":[],"syscall":"open"}
{"code":"ENOENT","errno":-4058,"level":"error","path":"C:\\Users\\User\\Desktop\\New folder (3)\\server\\uploads\\63663-3rd.jpg","storageErrors":[],"syscall":"open"}
{"code":"ENOENT","errno":-4058,"level":"error","path":"C:\\Users\\User\\Desktop\\New folder (3)\\server\\uploads\\56369-3rd.jpg","storageErrors":[],"syscall":"open"}
{"errors":[{"instance":{"createdAt":"2024-04-18T07:49:45.755Z","description":"","id":"d35cda0c-723f-46b3-beb8-f9893e7a9e5b","isActive":true,"name":"","ownerId":"ca53c3e0-ac67-43eb-8f4c-585cc6a3c7c9","price":"0","updatedAt":"2024-04-18T07:49:45.755Z"},"message":"Product.categoryId cannot be null","origin":"CORE","path":"categoryId","type":"notNull Violation","validatorArgs":[],"validatorKey":"is_null","validatorName":null,"value":null},{"instance":{"createdAt":"2024-04-18T07:49:45.755Z","description":"","id":"d35cda0c-723f-46b3-beb8-f9893e7a9e5b","isActive":true,"name":"","ownerId":"ca53c3e0-ac67-43eb-8f4c-585cc6a3c7c9","price":"0","updatedAt":"2024-04-18T07:49:45.755Z"},"message":"Product.subcategoryId cannot be null","origin":"CORE","path":"subcategoryId","type":"notNull Violation","validatorArgs":[],"validatorKey":"is_null","validatorName":null,"value":null}],"level":"error","name":"SequelizeValidationError"}
{"code":"AUTH004","level":"error","name":"CustomError","statusCode":401}
{"code":"AUTH004","level":"error","name":"CustomError","statusCode":401}
{"code":"AUTH004","level":"error","name":"CustomError","statusCode":401}
{"code":"AUTH004","level":"error","name":"CustomError","statusCode":401}
{"level":"error","name":"SequelizeDatabaseError","original":{"code":"42703","file":"parse_relation.c","hint":"Perhaps you meant to reference the column \"Article.UserId\".","length":174,"line":"3729","name":"error","position":"127","routine":"errorMissingColumn","severity":"ERROR","sql":"SELECT \"Article\".\"id\", \"Article\".\"title\", \"Article\".\"text\", \"Article\".\"createdAt\", \"Article\".\"updatedAt\", \"Article\".\"UserId\", \"Article\".\"userId\", \"User\".\"id\" AS \"User.id\", \"User\".\"name\" AS \"User.name\", \"User\".\"address\" AS \"User.address\" FROM \"Articles\" AS \"Article\" LEFT OUTER JOIN \"Users\" AS \"User\" ON \"Article\".\"UserId\" = \"User\".\"id\";"},"parameters":{},"parent":{"code":"42703","file":"parse_relation.c","hint":"Perhaps you meant to reference the column \"Article.UserId\".","length":174,"line":"3729","name":"error","position":"127","routine":"errorMissingColumn","severity":"ERROR","sql":"SELECT \"Article\".\"id\", \"Article\".\"title\", \"Article\".\"text\", \"Article\".\"createdAt\", \"Article\".\"updatedAt\", \"Article\".\"UserId\", \"Article\".\"userId\", \"User\".\"id\" AS \"User.id\", \"User\".\"name\" AS \"User.name\", \"User\".\"address\" AS \"User.address\" FROM \"Articles\" AS \"Article\" LEFT OUTER JOIN \"Users\" AS \"User\" ON \"Article\".\"UserId\" = \"User\".\"id\";"},"sql":"SELECT \"Article\".\"id\", \"Article\".\"title\", \"Article\".\"text\", \"Article\".\"createdAt\", \"Article\".\"updatedAt\", \"Article\".\"UserId\", \"Article\".\"userId\", \"User\".\"id\" AS \"User.id\", \"User\".\"name\" AS \"User.name\", \"User\".\"address\" AS \"User.address\" FROM \"Articles\" AS \"Article\" LEFT OUTER JOIN \"Users\" AS \"User\" ON \"Article\".\"UserId\" = \"User\".\"id\";"}
{"level":"error","name":"SequelizeDatabaseError","original":{"code":"42703","file":"parse_relation.c","hint":"Perhaps you meant to reference the column \"Article.UserId\".","length":174,"line":"3729","name":"error","position":"284","routine":"errorMissingColumn","severity":"ERROR","sql":"SELECT \"Article\".\"id\", \"Article\".\"title\", \"Article\".\"text\", \"Article\".\"createdAt\", \"Article\".\"updatedAt\", \"Article\".\"userId\", \"User\".\"id\" AS \"User.id\", \"User\".\"name\" AS \"User.name\", \"User\".\"address\" AS \"User.address\" FROM \"Articles\" AS \"Article\" LEFT OUTER JOIN \"Users\" AS \"User\" ON \"Article\".\"userId\" = \"User\".\"id\";"},"parameters":{},"parent":{"code":"42703","file":"parse_relation.c","hint":"Perhaps you meant to reference the column \"Article.UserId\".","length":174,"line":"3729","name":"error","position":"284","routine":"errorMissingColumn","severity":"ERROR","sql":"SELECT \"Article\".\"id\", \"Article\".\"title\", \"Article\".\"text\", \"Article\".\"createdAt\", \"Article\".\"updatedAt\", \"Article\".\"userId\", \"User\".\"id\" AS \"User.id\", \"User\".\"name\" AS \"User.name\", \"User\".\"address\" AS \"User.address\" FROM \"Articles\" AS \"Article\" LEFT OUTER JOIN \"Users\" AS \"User\" ON \"Article\".\"userId\" = \"User\".\"id\";"},"sql":"SELECT \"Article\".\"id\", \"Article\".\"title\", \"Article\".\"text\", \"Article\".\"createdAt\", \"Article\".\"updatedAt\", \"Article\".\"userId\", \"User\".\"id\" AS \"User.id\", \"User\".\"name\" AS \"User.name\", \"User\".\"address\" AS \"User.address\" FROM \"Articles\" AS \"Article\" LEFT OUTER JOIN \"Users\" AS \"User\" ON \"Article\".\"userId\" = \"User\".\"id\";"}
{"code":"AUTH004","data":{"success":false},"level":"error","name":"CustomError","statusCode":401}
{"code":"AUTH004","data":{"success":false},"level":"error","name":"CustomError","statusCode":401}
{"code":"AUTH001","level":"error","message":"Unauthorized","statusCode":401}
{"code":"AUTH001","level":"error","message":"Unauthorized","statusCode":401}
{"level":"error","message":"Error syncing database: foreign key constraint \"Articles_userId_fkey\" cannot be implemented","name":"SequelizeDatabaseError","original":{"code":"42804","detail":"Key columns \"userId\" and \"id\" are of incompatible types: character varying and uuid.","file":"tablecmds.c","length":227,"line":"9423","name":"error","routine":"ATAddForeignKeyConstraint","severity":"ERROR","sql":"CREATE TABLE IF NOT EXISTS \"Articles\" (\"id\" UUID NOT NULL , \"title\" VARCHAR(255), \"text\" VARCHAR(500), \"userId\" VARCHAR(255) REFERENCES \"Users\" (\"id\") ON DELETE SET NULL ON UPDATE CASCADE, \"createdAt\" TIMESTAMP WITH TIME ZONE NOT NULL, \"updatedAt\" TIMESTAMP WITH TIME ZONE NOT NULL, PRIMARY KEY (\"id\"));"},"parameters":{},"parent":{"code":"42804","detail":"Key columns \"userId\" and \"id\" are of incompatible types: character varying and uuid.","file":"tablecmds.c","length":227,"line":"9423","name":"error","routine":"ATAddForeignKeyConstraint","severity":"ERROR","sql":"CREATE TABLE IF NOT EXISTS \"Articles\" (\"id\" UUID NOT NULL , \"title\" VARCHAR(255), \"text\" VARCHAR(500), \"userId\" VARCHAR(255) REFERENCES \"Users\" (\"id\") ON DELETE SET NULL ON UPDATE CASCADE, \"createdAt\" TIMESTAMP WITH TIME ZONE NOT NULL, \"updatedAt\" TIMESTAMP WITH TIME ZONE NOT NULL, PRIMARY KEY (\"id\"));"},"sql":"CREATE TABLE IF NOT EXISTS \"Articles\" (\"id\" UUID NOT NULL , \"title\" VARCHAR(255), \"text\" VARCHAR(500), \"userId\" VARCHAR(255) REFERENCES \"Users\" (\"id\") ON DELETE SET NULL ON UPDATE CASCADE, \"createdAt\" TIMESTAMP WITH TIME ZONE NOT NULL, \"updatedAt\" TIMESTAMP WITH TIME ZONE NOT NULL, PRIMARY KEY (\"id\"));","stack":"Error\n    at Query.run (C:\\Users\\User\\Desktop\\nodejs-nextjs-starter-template-main\\server\\node_modules\\sequelize\\src\\dialects\\postgres\\query.js:76:25)\n    at C:\\Users\\User\\Desktop\\nodejs-nextjs-starter-template-main\\server\\node_modules\\sequelize\\src\\sequelize.js:650:28\n    at processTicksAndRejections (node:internal/process/task_queues:95:5)\n    at async PostgresQueryInterface.createTable (C:\\Users\\User\\Desktop\\nodejs-nextjs-starter-template-main\\server\\node_modules\\sequelize\\src\\dialects\\abstract\\query-interface.js:229:12)\n    at async Function.sync (C:\\Users\\User\\Desktop\\nodejs-nextjs-starter-template-main\\server\\node_modules\\sequelize\\src\\model.js:1353:7)\n    at async Sequelize.sync (C:\\Users\\User\\Desktop\\nodejs-nextjs-starter-template-main\\server\\node_modules\\sequelize\\src\\sequelize.js:825:9)"}
{"level":"error","message":"Error syncing database: foreign key constraint \"Articles_userId_fkey\" cannot be implemented","name":"SequelizeDatabaseError","original":{"code":"42804","detail":"Key columns \"userId\" and \"id\" are of incompatible types: character varying and uuid.","file":"tablecmds.c","length":227,"line":"9423","name":"error","routine":"ATAddForeignKeyConstraint","severity":"ERROR","sql":"CREATE TABLE IF NOT EXISTS \"Articles\" (\"id\" UUID NOT NULL , \"title\" VARCHAR(255), \"text\" VARCHAR(500), \"userId\" VARCHAR(255) REFERENCES \"Users\" (\"id\") ON DELETE SET NULL ON UPDATE CASCADE, \"createdAt\" TIMESTAMP WITH TIME ZONE NOT NULL, \"updatedAt\" TIMESTAMP WITH TIME ZONE NOT NULL, PRIMARY KEY (\"id\"));"},"parameters":{},"parent":{"code":"42804","detail":"Key columns \"userId\" and \"id\" are of incompatible types: character varying and uuid.","file":"tablecmds.c","length":227,"line":"9423","name":"error","routine":"ATAddForeignKeyConstraint","severity":"ERROR","sql":"CREATE TABLE IF NOT EXISTS \"Articles\" (\"id\" UUID NOT NULL , \"title\" VARCHAR(255), \"text\" VARCHAR(500), \"userId\" VARCHAR(255) REFERENCES \"Users\" (\"id\") ON DELETE SET NULL ON UPDATE CASCADE, \"createdAt\" TIMESTAMP WITH TIME ZONE NOT NULL, \"updatedAt\" TIMESTAMP WITH TIME ZONE NOT NULL, PRIMARY KEY (\"id\"));"},"sql":"CREATE TABLE IF NOT EXISTS \"Articles\" (\"id\" UUID NOT NULL , \"title\" VARCHAR(255), \"text\" VARCHAR(500), \"userId\" VARCHAR(255) REFERENCES \"Users\" (\"id\") ON DELETE SET NULL ON UPDATE CASCADE, \"createdAt\" TIMESTAMP WITH TIME ZONE NOT NULL, \"updatedAt\" TIMESTAMP WITH TIME ZONE NOT NULL, PRIMARY KEY (\"id\"));","stack":"Error\n    at Query.run (C:\\Users\\User\\Desktop\\nodejs-nextjs-starter-template-main\\server\\node_modules\\sequelize\\src\\dialects\\postgres\\query.js:76:25)\n    at C:\\Users\\User\\Desktop\\nodejs-nextjs-starter-template-main\\server\\node_modules\\sequelize\\src\\sequelize.js:650:28\n    at processTicksAndRejections (node:internal/process/task_queues:95:5)\n    at async PostgresQueryInterface.createTable (C:\\Users\\User\\Desktop\\nodejs-nextjs-starter-template-main\\server\\node_modules\\sequelize\\src\\dialects\\abstract\\query-interface.js:229:12)\n    at async Function.sync (C:\\Users\\User\\Desktop\\nodejs-nextjs-starter-template-main\\server\\node_modules\\sequelize\\src\\model.js:1353:7)\n    at async Sequelize.sync (C:\\Users\\User\\Desktop\\nodejs-nextjs-starter-template-main\\server\\node_modules\\sequelize\\src\\sequelize.js:825:9)"}
{"code":"AUTH004","data":{"success":false},"level":"error","name":"CustomError","statusCode":401}
{"code":"AUTH004","data":{"success":false},"level":"error","name":"CustomError","statusCode":401}
{"code":"AUTH004","data":{"success":false},"level":"error","name":"CustomError","statusCode":401}
{"code":"AUTH004","data":{"success":false},"level":"error","name":"CustomError","statusCode":401}
{"code":"ENOENT","errno":-4058,"level":"error","path":"C:\\Users\\User\\Desktop\\nodejs-nextjs-starter-template-main\\server\\uploads\\45000-meeting screen shot.PNG","storageErrors":[],"syscall":"open"}
{"code":"AUTH004","data":{"success":false},"level":"error","name":"CustomError","statusCode":401}
{"code":"AUTH004","data":{"success":false},"level":"error","name":"CustomError","statusCode":401}
{"code":"AUTH001","level":"error","message":"Unauthorized","statusCode":401}
{"code":"AUTH004","data":{"success":false},"level":"error","name":"CustomError","statusCode":401}
{"code":"AUTH004","data":{"success":false},"level":"error","name":"CustomError","statusCode":401}
{"code":"AUTH004","data":{"success":false},"level":"error","name":"CustomError","statusCode":401}
{"code":"AUTH004","data":{"success":false},"level":"error","name":"CustomError","statusCode":401}
{"code":"AUTH001","level":"error","message":"Unauthorized","statusCode":401}
{"code":"AUTH004","data":{"success":false},"level":"error","name":"CustomError","statusCode":401}
{"code":"AUTH004","data":{"success":false},"level":"error","name":"CustomError","statusCode":401}
{"code":"AUTH004","data":{"success":false},"level":"error","name":"CustomError","statusCode":401}
{"code":"AUTH004","data":{"success":false},"level":"error","name":"CustomError","statusCode":401}
{"code":"AUTH004","data":{"success":false},"level":"error","name":"CustomError","statusCode":401}
{"code":"AUTH004","data":{"success":false},"level":"error","name":"CustomError","statusCode":401}
{"code":"AUTH004","data":{"success":false},"level":"error","name":"CustomError","statusCode":401}
{"code":"AUTH004","data":{"success":false},"level":"error","name":"CustomError","statusCode":401}
{"code":"AUTH004","data":{"success":false},"level":"error","name":"CustomError","statusCode":401}
{"code":"AUTH004","data":{"success":false},"level":"error","name":"CustomError","statusCode":401}
{"code":"AUTH004","data":{"success":false},"level":"error","name":"CustomError","statusCode":401}
{"code":"AUTH004","data":{"success":false},"level":"error","name":"CustomError","statusCode":401}
{"code":"AUTH004","data":{"success":false},"level":"error","name":"CustomError","statusCode":401}
{"code":"AUTH004","data":{"success":false},"level":"error","name":"CustomError","statusCode":401}
{"code":"AUTH004","level":"error","name":"CustomError","statusCode":401}
{"code":"AUTH004","level":"error","name":"CustomError","statusCode":401}
{"code":"AUTH001","level":"error","message":"Unauthorized","statusCode":401}
{"errors":[{"instance":{"createdAt":"2024-05-03T19:13:56.001Z","description":"sdasd","id":"d7ca9df6-6871-406e-a959-d59a2d29c52f","isActive":true,"name":"asda","ownerId":"59aef164-33f8-4342-80af-7689e1baf116","updatedAt":"2024-05-03T19:13:56.001Z"},"message":"Product.price cannot be null","origin":"CORE","path":"price","type":"notNull Violation","validatorArgs":[],"validatorKey":"is_null","validatorName":null,"value":null},{"instance":{"createdAt":"2024-05-03T19:13:56.001Z","description":"sdasd","id":"d7ca9df6-6871-406e-a959-d59a2d29c52f","isActive":true,"name":"asda","ownerId":"59aef164-33f8-4342-80af-7689e1baf116","updatedAt":"2024-05-03T19:13:56.001Z"},"message":"Product.categoryId cannot be null","origin":"CORE","path":"categoryId","type":"notNull Violation","validatorArgs":[],"validatorKey":"is_null","validatorName":null,"value":null},{"instance":{"createdAt":"2024-05-03T19:13:56.001Z","description":"sdasd","id":"d7ca9df6-6871-406e-a959-d59a2d29c52f","isActive":true,"name":"asda","ownerId":"59aef164-33f8-4342-80af-7689e1baf116","updatedAt":"2024-05-03T19:13:56.001Z"},"message":"Product.subcategoryId cannot be null","origin":"CORE","path":"subcategoryId","type":"notNull Violation","validatorArgs":[],"validatorKey":"is_null","validatorName":null,"value":null}],"level":"error","name":"SequelizeValidationError"}
{"level":"error"}
{"code":"AUTH004","data":{"success":false},"level":"error","name":"CustomError","statusCode":401}
{"code":"AUTH004","data":{"success":false},"level":"error","name":"CustomError","statusCode":401}
{"level":"error"}
{"code":"AUTH004","data":{"success":false},"level":"error","name":"CustomError","statusCode":401}
{"code":"AUTH004","data":{"success":false},"level":"error","name":"CustomError","statusCode":401}
{"level":"error"}
{"level":"error"}
{"code":"AUTH004","data":{"success":false},"level":"error","name":"CustomError","statusCode":401}
{"code":"AUTH004","data":{"success":false},"level":"error","name":"CustomError","statusCode":401}
{"code":"AUTH004","level":"error","name":"CustomError","statusCode":401}
{"code":"AUTH004","data":{"success":false},"level":"error","name":"CustomError","statusCode":401}
{"code":"AUTH004","data":{"success":false},"level":"error","name":"CustomError","statusCode":401}
{"code":"AUTH004","data":{"success":false},"level":"error","name":"CustomError","statusCode":401}
{"code":"AUTH004","data":{"success":false},"level":"error","name":"CustomError","statusCode":401}
{"code":"AUTH004","level":"error","name":"CustomError","statusCode":401}
{"code":"AUTH004","level":"error","name":"CustomError","statusCode":401}
{"code":"AUTH004","level":"error","name":"CustomError","statusCode":401}
{"code":"AUTH004","data":{"success":false},"level":"error","name":"CustomError","statusCode":401}
{"code":"AUTH004","level":"error","name":"CustomError","statusCode":401}
{"code":"AUTH004","data":{"success":false},"level":"error","name":"CustomError","statusCode":401}
{"code":"AUTH001","level":"error","message":"Unauthorized","statusCode":401}
{"level":"error"}
{"code":"AUTH004","level":"error","name":"CustomError","statusCode":401}
{"code":"AUTH004","level":"error","name":"CustomError","statusCode":401}
{"code":"AUTH004","data":{"success":false},"level":"error","name":"CustomError","statusCode":401}
{"code":"AUTH004","data":{"success":false},"level":"error","name":"CustomError","statusCode":401}
{"code":"AUTH004","data":{"success":false},"level":"error","name":"CustomError","statusCode":401}
{"code":"AUTH004","data":{"success":false},"level":"error","name":"CustomError","statusCode":401}
{"code":"AUTH004","data":{"success":false},"level":"error","name":"CustomError","statusCode":401}
{"code":"AUTH004","data":{"success":false},"level":"error","name":"CustomError","statusCode":401}
{"code":"AUTH004","data":{"success":false},"level":"error","name":"CustomError","statusCode":401}
{"code":"AUTH004","data":{"success":false},"level":"error","name":"CustomError","statusCode":401}
{"code":"AUTH004","data":{"success":false},"level":"error","name":"CustomError","statusCode":401}
{"code":"AUTH004","data":{"success":false},"level":"error","name":"CustomError","statusCode":401}
{"code":"AUTH004","data":{"success":false},"level":"error","name":"CustomError","statusCode":401}
{"code":"AUTH004","data":{"success":false},"level":"error","name":"CustomError","statusCode":401}
{"code":"AUTH004","data":{"success":false},"level":"error","name":"CustomError","statusCode":401}
{"code":"AUTH004","data":{"success":false},"level":"error","name":"CustomError","statusCode":401}
{"code":"AUTH004","data":{"success":false},"level":"error","name":"CustomError","statusCode":401}
{"code":"AUTH004","data":{"success":false},"level":"error","name":"CustomError","statusCode":401}
{"code":"AUTH004","data":{"success":false},"level":"error","name":"CustomError","statusCode":401}
{"code":"AUTH004","data":{"success":false},"level":"error","name":"CustomError","statusCode":401}
{"code":"AUTH004","data":{"success":false},"level":"error","name":"CustomError","statusCode":401}
{"code":"AUTH004","data":{"success":false},"level":"error","name":"CustomError","statusCode":401}
{"code":"AUTH004","data":{"success":false},"level":"error","name":"CustomError","statusCode":401}
{"code":"AUTH004","data":{"success":false},"level":"error","name":"CustomError","statusCode":401}
{"code":"AUTH001","level":"error","message":"Unauthorized","statusCode":401}
{"code":"AUTH004","data":{"success":false},"level":"error","name":"CustomError","statusCode":401}
{"code":"AUTH004","data":{"success":false},"level":"error","name":"CustomError","statusCode":401}
{"code":"AUTH004","data":{"success":false},"level":"error","name":"CustomError","statusCode":401}
{"code":"AUTH004","data":{"success":false},"level":"error","name":"CustomError","statusCode":401}
{"code":"AUTH004","data":{"success":false},"level":"error","name":"CustomError","statusCode":401}
{"code":"AUTH004","data":{"success":false},"level":"error","name":"CustomError","statusCode":401}
{"code":"AUTH001","level":"error","message":"Unauthorized","statusCode":401}
{"code":"AUTH004","level":"error","name":"CustomError","statusCode":401}
{"code":"AUTH004","level":"error","name":"CustomError","statusCode":401}
{"code":"AUTH004","level":"error","name":"CustomError","statusCode":401}
{"code":"AUTH004","level":"error","name":"CustomError","statusCode":401}
{"code":"AUTH004","level":"error","name":"CustomError","statusCode":401}
{"code":"AUTH004","level":"error","name":"CustomError","statusCode":401}
{"level":"error"}
{"level":"error"}
{"code":"AUTH004","level":"error","name":"CustomError","statusCode":401}
{"code":"AUTH004","level":"error","name":"CustomError","statusCode":401}
{"code":"AUTH004","level":"error","name":"CustomError","statusCode":401}
{"code":"AUTH004","level":"error","name":"CustomError","statusCode":401}
{"code":"AUTH004","level":"error","name":"CustomError","statusCode":401}
{"code":"AUTH004","level":"error","name":"CustomError","statusCode":401}
{"code":"AUTH004","level":"error","name":"CustomError","statusCode":401}
{"code":"AUTH004","level":"error","name":"CustomError","statusCode":401}
{"level":"error"}
{"level":"error"}
{"code":"AUTH004","level":"error","name":"CustomError","statusCode":401}
{"code":"AUTH004","level":"error","name":"CustomError","statusCode":401}
{"level":"error"}
{"level":"error"}
{"code":"AUTH004","level":"error","name":"CustomError","statusCode":401}
{"code":"AUTH004","level":"error","name":"CustomError","statusCode":401}
{"level":"error"}
{"level":"error"}
{"level":"error"}
{"level":"error"}
{"level":"error"}
{"level":"error"}
{"level":"error"}
{"level":"error"}
{"level":"error"}
{"level":"error","name":"SequelizeConnectionAcquireTimeoutError","original":{},"parent":{}}
{"code":"AUTH001","level":"error","message":"Unauthorized","statusCode":401}
{"code":"AUTH001","level":"error","message":"Unauthorized","statusCode":401}
{"code":"AUTH001","level":"error","message":"Unauthorized","statusCode":401}
{"code":"AUTH001","level":"error","message":"Unauthorized","statusCode":401}
{"code":"AUTH004","level":"error","name":"CustomError","statusCode":401}
{"code":"AUTH004","level":"error","name":"CustomError","statusCode":401}
{"code":"AUTH001","level":"error","message":"Unauthorized","statusCode":401}
{"code":"AUTH004","level":"error","name":"CustomError","statusCode":401}
{"code":"AUTH004","level":"error","name":"CustomError","statusCode":401}
{"code":"AUTH004","level":"error","name":"CustomError","statusCode":401}
{"code":"AUTH004","level":"error","name":"CustomError","statusCode":401}
{"code":"AUTH004","level":"error","name":"CustomError","statusCode":401}
{"code":"AUTH004","level":"error","name":"CustomError","statusCode":401}
{"code":"AUTH004","level":"error","name":"CustomError","statusCode":401}
{"code":"AUTH004","level":"error","name":"CustomError","statusCode":401}
{"errors":[{"instance":{"createdAt":"2024-05-19T18:24:30.127Z","id":"0d8ca402-2424-46a6-a44e-aeebddb34467","imgUrl":"/uploads/89522-meeting screen shot.PNG","updatedAt":"2024-05-19T18:24:30.127Z"},"message":"Store.name cannot be null","origin":"CORE","path":"name","type":"notNull Violation","validatorArgs":[],"validatorKey":"is_null","validatorName":null,"value":null},{"instance":{"createdAt":"2024-05-19T18:24:30.127Z","id":"0d8ca402-2424-46a6-a44e-aeebddb34467","imgUrl":"/uploads/89522-meeting screen shot.PNG","updatedAt":"2024-05-19T18:24:30.127Z"},"message":"Store.userId cannot be null","origin":"CORE","path":"userId","type":"notNull Violation","validatorArgs":[],"validatorKey":"is_null","validatorName":null,"value":null},{"instance":{"createdAt":"2024-05-19T18:24:30.127Z","id":"0d8ca402-2424-46a6-a44e-aeebddb34467","imgUrl":"/uploads/89522-meeting screen shot.PNG","updatedAt":"2024-05-19T18:24:30.127Z"},"message":"Store.categoryId cannot be null","origin":"CORE","path":"categoryId","type":"notNull Violation","validatorArgs":[],"validatorKey":"is_null","validatorName":null,"value":null}],"level":"error","name":"SequelizeValidationError"}
{"errors":[{"instance":{"createdAt":"2024-05-19T18:32:48.443Z","id":"b37d03fe-1607-44d8-bde0-4a242476f931","imgUrl":"/uploads/1019-meeting screen shot.PNG","updatedAt":"2024-05-19T18:32:48.443Z"},"message":"Store.name cannot be null","origin":"CORE","path":"name","type":"notNull Violation","validatorArgs":[],"validatorKey":"is_null","validatorName":null,"value":null},{"instance":{"createdAt":"2024-05-19T18:32:48.443Z","id":"b37d03fe-1607-44d8-bde0-4a242476f931","imgUrl":"/uploads/1019-meeting screen shot.PNG","updatedAt":"2024-05-19T18:32:48.443Z"},"message":"Store.userId cannot be null","origin":"CORE","path":"userId","type":"notNull Violation","validatorArgs":[],"validatorKey":"is_null","validatorName":null,"value":null},{"instance":{"createdAt":"2024-05-19T18:32:48.443Z","id":"b37d03fe-1607-44d8-bde0-4a242476f931","imgUrl":"/uploads/1019-meeting screen shot.PNG","updatedAt":"2024-05-19T18:32:48.443Z"},"message":"Store.categoryId cannot be null","origin":"CORE","path":"categoryId","type":"notNull Violation","validatorArgs":[],"validatorKey":"is_null","validatorName":null,"value":null}],"level":"error","name":"SequelizeValidationError"}
{"code":"AUTH004","level":"error","name":"CustomError","statusCode":401}
{"code":"AUTH004","level":"error","name":"CustomError","statusCode":401}
{"level":"error"}
{"code":"AUTH004","level":"error","name":"CustomError","statusCode":401}
{"code":"AUTH004","level":"error","name":"CustomError","statusCode":401}
{"code":"AUTH004","level":"error","name":"CustomError","statusCode":401}
{"code":"AUTH004","level":"error","name":"CustomError","statusCode":401}
{"code":"AUTH004","level":"error","name":"CustomError","statusCode":401}
{"code":"AUTH004","level":"error","name":"CustomError","statusCode":401}
{"code":"AUTH004","level":"error","name":"CustomError","statusCode":401}
{"code":"AUTH004","level":"error","name":"CustomError","statusCode":401}
{"code":"AUTH004","level":"error","name":"CustomError","statusCode":401}
{"code":"AUTH004","level":"error","name":"CustomError","statusCode":401}
{"code":"AUTH004","level":"error","name":"CustomError","statusCode":401}
{"code":"AUTH004","level":"error","name":"CustomError","statusCode":401}
{"code":"AUTH004","level":"error","name":"CustomError","statusCode":401}
{"code":"AUTH004","level":"error","name":"CustomError","statusCode":401}
{"code":"AUTH004","level":"error","name":"CustomError","statusCode":401}
{"code":"AUTH004","level":"error","name":"CustomError","statusCode":401}
{"code":"AUTH004","level":"error","name":"CustomError","statusCode":401}
{"code":"AUTH004","level":"error","name":"CustomError","statusCode":401}
{"code":"AUTH004","level":"error","name":"CustomError","statusCode":401}
{"code":"AUTH004","level":"error","name":"CustomError","statusCode":401}
{"code":"AUTH004","level":"error","name":"CustomError","statusCode":401}
{"code":"AUTH004","level":"error","name":"CustomError","statusCode":401}
{"code":"AUTH004","level":"error","name":"CustomError","statusCode":401}
{"code":"AUTH004","level":"error","name":"CustomError","statusCode":401}
{"code":"AUTH004","level":"error","name":"CustomError","statusCode":401}
{"code":"AUTH004","level":"error","name":"CustomError","statusCode":401}
{"code":"AUTH004","level":"error","name":"CustomError","statusCode":401}
{"code":"AUTH004","level":"error","name":"CustomError","statusCode":401}
{"code":"AUTH004","level":"error","name":"CustomError","statusCode":401}
{"code":"AUTH004","level":"error","name":"CustomError","statusCode":401}
{"code":"AUTH004","level":"error","name":"CustomError","statusCode":401}
{"code":"AUTH004","level":"error","name":"CustomError","statusCode":401}
{"code":"AUTH004","level":"error","name":"CustomError","statusCode":401}
{"code":"AUTH004","level":"error","name":"CustomError","statusCode":401}
{"code":"AUTH004","level":"error","name":"CustomError","statusCode":401}
{"code":"AUTH004","level":"error","name":"CustomError","statusCode":401}
{"code":"AUTH004","level":"error","name":"CustomError","statusCode":401}
{"code":"AUTH004","level":"error","name":"CustomError","statusCode":401}
{"code":"AUTH004","level":"error","name":"CustomError","statusCode":401}
{"code":"AUTH004","level":"error","name":"CustomError","statusCode":401}
{"code":"AUTH004","level":"error","name":"CustomError","statusCode":401}
{"code":"AUTH004","level":"error","name":"CustomError","statusCode":401}
{"code":"AUTH004","level":"error","name":"CustomError","statusCode":401}
{"code":"AUTH004","level":"error","name":"CustomError","statusCode":401}
{"code":"AUTH004","level":"error","name":"CustomError","statusCode":401}
{"code":"AUTH004","level":"error","name":"CustomError","statusCode":401}
{"code":"AUTH004","level":"error","name":"CustomError","statusCode":401}
{"code":"AUTH004","level":"error","name":"CustomError","statusCode":401}
{"code":"AUTH004","level":"error","name":"CustomError","statusCode":401}
{"code":"AUTH004","level":"error","name":"CustomError","statusCode":401}
{"code":"AUTH004","level":"error","name":"CustomError","statusCode":401}
{"code":"AUTH004","level":"error","name":"CustomError","statusCode":401}
{"code":"AUTH004","level":"error","name":"CustomError","statusCode":401}
{"code":"AUTH004","level":"error","name":"CustomError","statusCode":401}
{"code":"AUTH004","level":"error","name":"CustomError","statusCode":401}
{"code":"AUTH004","level":"error","name":"CustomError","statusCode":401}
{"code":"AUTH004","level":"error","name":"CustomError","statusCode":401}
{"code":"AUTH004","level":"error","name":"CustomError","statusCode":401}
{"code":"AUTH004","level":"error","name":"CustomError","statusCode":401}
{"code":"AUTH004","level":"error","name":"CustomError","statusCode":401}
{"code":"AUTH004","level":"error","name":"CustomError","statusCode":401}
{"code":"AUTH004","level":"error","name":"CustomError","statusCode":401}
{"code":"AUTH004","level":"error","name":"CustomError","statusCode":401}
{"code":"AUTH004","level":"error","name":"CustomError","statusCode":401}
{"level":"error"}
{"level":"error"}
{"level":"error"}
{"level":"error"}
{"code":"AUTH004","level":"error","name":"CustomError","statusCode":401}
{"code":"AUTH004","level":"error","name":"CustomError","statusCode":401}
{"level":"error"}
{"level":"error"}
{"level":"error"}
{"level":"error"}
{"level":"error"}
{"level":"error"}
{"code":"AUTH004","data":{"success":false},"level":"error","name":"CustomError","statusCode":401}
{"code":"AUTH004","data":{"success":false},"level":"error","name":"CustomError","statusCode":401}
{"code":"AUTH001","level":"error","message":"Unauthorized","statusCode":401}
{"code":"AUTH001","level":"error","message":"Unauthorized","statusCode":401}
{"code":"AUTH001","level":"error","message":"Unauthorized","statusCode":401}
{"code":"AUTH004","data":{"success":false},"level":"error","name":"CustomError","statusCode":401}
{"code":"AUTH004","data":{"success":false},"level":"error","name":"CustomError","statusCode":401}
{"code":"AUTH004","data":{"success":false},"level":"error","name":"CustomError","statusCode":401}
{"code":"AUTH004","data":{"success":false},"level":"error","name":"CustomError","statusCode":401}
{"code":"AUTH001","level":"error","message":"Unauthorized","statusCode":401}
{"code":"AUTH004","level":"error","name":"CustomError","statusCode":401}
{"code":"AUTH004","level":"error","name":"CustomError","statusCode":401}
{"level":"error"}
{"level":"error"}
{"level":"error"}
{"level":"error"}
{"code":"AUTH004","data":{"success":false},"level":"error","name":"CustomError","statusCode":401}
{"code":"AUTH004","data":{"success":false},"level":"error","name":"CustomError","statusCode":401}
{"code":"AUTH001","level":"error","message":"Unauthorized","statusCode":401}
{"fields":null,"index":"Stores_userId_fkey","level":"error","name":"SequelizeForeignKeyConstraintError","original":{"code":"23503","constraint":"Stores_userId_fkey","detail":"Key (userId)=(128c5282-a328-4913-8bed-698b5d57fdbb) is not present in table \"Users\".","file":"ri_triggers.c","length":278,"line":"2619","name":"error","parameters":["bec021fb-e224-4dbe-acba-04fca80b0c88","asdas","dasd","/uploads/94219-BgReg.aed7bbe660a78f7d3a41.jpg","128c5282-a328-4913-8bed-698b5d57fdbb","f31f35b9-aeee-44b3-b341-1c05bf44b421","2024-06-21 08:30:52.045 +00:00","2024-06-21 08:30:52.045 +00:00"],"routine":"ri_ReportViolation","schema":"public","severity":"ERROR","sql":"INSERT INTO \"Stores\" (\"id\",\"name\",\"description\",\"imgUrl\",\"userId\",\"categoryId\",\"createdAt\",\"updatedAt\") VALUES ($1,$2,$3,$4,$5,$6,$7,$8) RETURNING \"id\",\"name\",\"description\",\"imgUrl\",\"userId\",\"categoryId\",\"createdAt\",\"updatedAt\";","table":"Stores"},"parameters":["bec021fb-e224-4dbe-acba-04fca80b0c88","asdas","dasd","/uploads/94219-BgReg.aed7bbe660a78f7d3a41.jpg","128c5282-a328-4913-8bed-698b5d57fdbb","f31f35b9-aeee-44b3-b341-1c05bf44b421","2024-06-21 08:30:52.045 +00:00","2024-06-21 08:30:52.045 +00:00"],"parent":{"code":"23503","constraint":"Stores_userId_fkey","detail":"Key (userId)=(128c5282-a328-4913-8bed-698b5d57fdbb) is not present in table \"Users\".","file":"ri_triggers.c","length":278,"line":"2619","name":"error","parameters":["bec021fb-e224-4dbe-acba-04fca80b0c88","asdas","dasd","/uploads/94219-BgReg.aed7bbe660a78f7d3a41.jpg","128c5282-a328-4913-8bed-698b5d57fdbb","f31f35b9-aeee-44b3-b341-1c05bf44b421","2024-06-21 08:30:52.045 +00:00","2024-06-21 08:30:52.045 +00:00"],"routine":"ri_ReportViolation","schema":"public","severity":"ERROR","sql":"INSERT INTO \"Stores\" (\"id\",\"name\",\"description\",\"imgUrl\",\"userId\",\"categoryId\",\"createdAt\",\"updatedAt\") VALUES ($1,$2,$3,$4,$5,$6,$7,$8) RETURNING \"id\",\"name\",\"description\",\"imgUrl\",\"userId\",\"categoryId\",\"createdAt\",\"updatedAt\";","table":"Stores"},"sql":"INSERT INTO \"Stores\" (\"id\",\"name\",\"description\",\"imgUrl\",\"userId\",\"categoryId\",\"createdAt\",\"updatedAt\") VALUES ($1,$2,$3,$4,$5,$6,$7,$8) RETURNING \"id\",\"name\",\"description\",\"imgUrl\",\"userId\",\"categoryId\",\"createdAt\",\"updatedAt\";","table":"Stores"}
{"fields":null,"index":"Stores_userId_fkey","level":"error","name":"SequelizeForeignKeyConstraintError","original":{"code":"23503","constraint":"Stores_userId_fkey","detail":"Key (userId)=(128c5282-a328-4913-8bed-698b5d57fdbb) is not present in table \"Users\".","file":"ri_triggers.c","length":278,"line":"2619","name":"error","parameters":["e4ff0f08-369b-4056-8797-0393422301ae","asdas","dasd","/uploads/17124-BgReg.aed7bbe660a78f7d3a41.jpg","128c5282-a328-4913-8bed-698b5d57fdbb","f31f35b9-aeee-44b3-b341-1c05bf44b421","2024-06-21 08:30:58.095 +00:00","2024-06-21 08:30:58.095 +00:00"],"routine":"ri_ReportViolation","schema":"public","severity":"ERROR","sql":"INSERT INTO \"Stores\" (\"id\",\"name\",\"description\",\"imgUrl\",\"userId\",\"categoryId\",\"createdAt\",\"updatedAt\") VALUES ($1,$2,$3,$4,$5,$6,$7,$8) RETURNING \"id\",\"name\",\"description\",\"imgUrl\",\"userId\",\"categoryId\",\"createdAt\",\"updatedAt\";","table":"Stores"},"parameters":["e4ff0f08-369b-4056-8797-0393422301ae","asdas","dasd","/uploads/17124-BgReg.aed7bbe660a78f7d3a41.jpg","128c5282-a328-4913-8bed-698b5d57fdbb","f31f35b9-aeee-44b3-b341-1c05bf44b421","2024-06-21 08:30:58.095 +00:00","2024-06-21 08:30:58.095 +00:00"],"parent":{"code":"23503","constraint":"Stores_userId_fkey","detail":"Key (userId)=(128c5282-a328-4913-8bed-698b5d57fdbb) is not present in table \"Users\".","file":"ri_triggers.c","length":278,"line":"2619","name":"error","parameters":["e4ff0f08-369b-4056-8797-0393422301ae","asdas","dasd","/uploads/17124-BgReg.aed7bbe660a78f7d3a41.jpg","128c5282-a328-4913-8bed-698b5d57fdbb","f31f35b9-aeee-44b3-b341-1c05bf44b421","2024-06-21 08:30:58.095 +00:00","2024-06-21 08:30:58.095 +00:00"],"routine":"ri_ReportViolation","schema":"public","severity":"ERROR","sql":"INSERT INTO \"Stores\" (\"id\",\"name\",\"description\",\"imgUrl\",\"userId\",\"categoryId\",\"createdAt\",\"updatedAt\") VALUES ($1,$2,$3,$4,$5,$6,$7,$8) RETURNING \"id\",\"name\",\"description\",\"imgUrl\",\"userId\",\"categoryId\",\"createdAt\",\"updatedAt\";","table":"Stores"},"sql":"INSERT INTO \"Stores\" (\"id\",\"name\",\"description\",\"imgUrl\",\"userId\",\"categoryId\",\"createdAt\",\"updatedAt\") VALUES ($1,$2,$3,$4,$5,$6,$7,$8) RETURNING \"id\",\"name\",\"description\",\"imgUrl\",\"userId\",\"categoryId\",\"createdAt\",\"updatedAt\";","table":"Stores"}
{"fields":null,"index":"Stores_userId_fkey","level":"error","name":"SequelizeForeignKeyConstraintError","original":{"code":"23503","constraint":"Stores_userId_fkey","detail":"Key (userId)=(128c5282-a328-4913-8bed-698b5d57fdbb) is not present in table \"Users\".","file":"ri_triggers.c","length":278,"line":"2619","name":"error","parameters":["23f52150-5932-4078-8058-d3adcb55e913","asdasd","asdasdasd","/uploads/46698-BgReg.aed7bbe660a78f7d3a41.jpg","128c5282-a328-4913-8bed-698b5d57fdbb","90989f8e-9149-4e23-8bcc-e69e97983475","2024-06-21 08:31:02.893 +00:00","2024-06-21 08:31:02.893 +00:00"],"routine":"ri_ReportViolation","schema":"public","severity":"ERROR","sql":"INSERT INTO \"Stores\" (\"id\",\"name\",\"description\",\"imgUrl\",\"userId\",\"categoryId\",\"createdAt\",\"updatedAt\") VALUES ($1,$2,$3,$4,$5,$6,$7,$8) RETURNING \"id\",\"name\",\"description\",\"imgUrl\",\"userId\",\"categoryId\",\"createdAt\",\"updatedAt\";","table":"Stores"},"parameters":["23f52150-5932-4078-8058-d3adcb55e913","asdasd","asdasdasd","/uploads/46698-BgReg.aed7bbe660a78f7d3a41.jpg","128c5282-a328-4913-8bed-698b5d57fdbb","90989f8e-9149-4e23-8bcc-e69e97983475","2024-06-21 08:31:02.893 +00:00","2024-06-21 08:31:02.893 +00:00"],"parent":{"code":"23503","constraint":"Stores_userId_fkey","detail":"Key (userId)=(128c5282-a328-4913-8bed-698b5d57fdbb) is not present in table \"Users\".","file":"ri_triggers.c","length":278,"line":"2619","name":"error","parameters":["23f52150-5932-4078-8058-d3adcb55e913","asdasd","asdasdasd","/uploads/46698-BgReg.aed7bbe660a78f7d3a41.jpg","128c5282-a328-4913-8bed-698b5d57fdbb","90989f8e-9149-4e23-8bcc-e69e97983475","2024-06-21 08:31:02.893 +00:00","2024-06-21 08:31:02.893 +00:00"],"routine":"ri_ReportViolation","schema":"public","severity":"ERROR","sql":"INSERT INTO \"Stores\" (\"id\",\"name\",\"description\",\"imgUrl\",\"userId\",\"categoryId\",\"createdAt\",\"updatedAt\") VALUES ($1,$2,$3,$4,$5,$6,$7,$8) RETURNING \"id\",\"name\",\"description\",\"imgUrl\",\"userId\",\"categoryId\",\"createdAt\",\"updatedAt\";","table":"Stores"},"sql":"INSERT INTO \"Stores\" (\"id\",\"name\",\"description\",\"imgUrl\",\"userId\",\"categoryId\",\"createdAt\",\"updatedAt\") VALUES ($1,$2,$3,$4,$5,$6,$7,$8) RETURNING \"id\",\"name\",\"description\",\"imgUrl\",\"userId\",\"categoryId\",\"createdAt\",\"updatedAt\";","table":"Stores"}
{"fields":null,"index":"Stores_userId_fkey","level":"error","name":"SequelizeForeignKeyConstraintError","original":{"code":"23503","constraint":"Stores_userId_fkey","detail":"Key (userId)=(128c5282-a328-4913-8bed-698b5d57fdbb) is not present in table \"Users\".","file":"ri_triggers.c","length":278,"line":"2619","name":"error","parameters":["6948d79d-ee6f-4073-be09-d22d07cf9da5","asdasd","asdasdasd","/uploads/36530-BgReg.aed7bbe660a78f7d3a41.jpg","128c5282-a328-4913-8bed-698b5d57fdbb","90989f8e-9149-4e23-8bcc-e69e97983475","2024-06-21 08:31:10.844 +00:00","2024-06-21 08:31:10.844 +00:00"],"routine":"ri_ReportViolation","schema":"public","severity":"ERROR","sql":"INSERT INTO \"Stores\" (\"id\",\"name\",\"description\",\"imgUrl\",\"userId\",\"categoryId\",\"createdAt\",\"updatedAt\") VALUES ($1,$2,$3,$4,$5,$6,$7,$8) RETURNING \"id\",\"name\",\"description\",\"imgUrl\",\"userId\",\"categoryId\",\"createdAt\",\"updatedAt\";","table":"Stores"},"parameters":["6948d79d-ee6f-4073-be09-d22d07cf9da5","asdasd","asdasdasd","/uploads/36530-BgReg.aed7bbe660a78f7d3a41.jpg","128c5282-a328-4913-8bed-698b5d57fdbb","90989f8e-9149-4e23-8bcc-e69e97983475","2024-06-21 08:31:10.844 +00:00","2024-06-21 08:31:10.844 +00:00"],"parent":{"code":"23503","constraint":"Stores_userId_fkey","detail":"Key (userId)=(128c5282-a328-4913-8bed-698b5d57fdbb) is not present in table \"Users\".","file":"ri_triggers.c","length":278,"line":"2619","name":"error","parameters":["6948d79d-ee6f-4073-be09-d22d07cf9da5","asdasd","asdasdasd","/uploads/36530-BgReg.aed7bbe660a78f7d3a41.jpg","128c5282-a328-4913-8bed-698b5d57fdbb","90989f8e-9149-4e23-8bcc-e69e97983475","2024-06-21 08:31:10.844 +00:00","2024-06-21 08:31:10.844 +00:00"],"routine":"ri_ReportViolation","schema":"public","severity":"ERROR","sql":"INSERT INTO \"Stores\" (\"id\",\"name\",\"description\",\"imgUrl\",\"userId\",\"categoryId\",\"createdAt\",\"updatedAt\") VALUES ($1,$2,$3,$4,$5,$6,$7,$8) RETURNING \"id\",\"name\",\"description\",\"imgUrl\",\"userId\",\"categoryId\",\"createdAt\",\"updatedAt\";","table":"Stores"},"sql":"INSERT INTO \"Stores\" (\"id\",\"name\",\"description\",\"imgUrl\",\"userId\",\"categoryId\",\"createdAt\",\"updatedAt\") VALUES ($1,$2,$3,$4,$5,$6,$7,$8) RETURNING \"id\",\"name\",\"description\",\"imgUrl\",\"userId\",\"categoryId\",\"createdAt\",\"updatedAt\";","table":"Stores"}
{"fields":null,"index":"Stores_userId_fkey","level":"error","name":"SequelizeForeignKeyConstraintError","original":{"code":"23503","constraint":"Stores_userId_fkey","detail":"Key (userId)=(128c5282-a328-4913-8bed-698b5d57fdbb) is not present in table \"Users\".","file":"ri_triggers.c","length":278,"line":"2619","name":"error","parameters":["60af2e4e-e8df-45c5-8727-cfec4a7bfb11","asdasd","asdasdas","/uploads/61449-BgReg.aed7bbe660a78f7d3a41.jpg","128c5282-a328-4913-8bed-698b5d57fdbb","f31f35b9-aeee-44b3-b341-1c05bf44b421","2024-06-21 08:31:43.758 +00:00","2024-06-21 08:31:43.758 +00:00"],"routine":"ri_ReportViolation","schema":"public","severity":"ERROR","sql":"INSERT INTO \"Stores\" (\"id\",\"name\",\"description\",\"imgUrl\",\"userId\",\"categoryId\",\"createdAt\",\"updatedAt\") VALUES ($1,$2,$3,$4,$5,$6,$7,$8) RETURNING \"id\",\"name\",\"description\",\"imgUrl\",\"userId\",\"categoryId\",\"createdAt\",\"updatedAt\";","table":"Stores"},"parameters":["60af2e4e-e8df-45c5-8727-cfec4a7bfb11","asdasd","asdasdas","/uploads/61449-BgReg.aed7bbe660a78f7d3a41.jpg","128c5282-a328-4913-8bed-698b5d57fdbb","f31f35b9-aeee-44b3-b341-1c05bf44b421","2024-06-21 08:31:43.758 +00:00","2024-06-21 08:31:43.758 +00:00"],"parent":{"code":"23503","constraint":"Stores_userId_fkey","detail":"Key (userId)=(128c5282-a328-4913-8bed-698b5d57fdbb) is not present in table \"Users\".","file":"ri_triggers.c","length":278,"line":"2619","name":"error","parameters":["60af2e4e-e8df-45c5-8727-cfec4a7bfb11","asdasd","asdasdas","/uploads/61449-BgReg.aed7bbe660a78f7d3a41.jpg","128c5282-a328-4913-8bed-698b5d57fdbb","f31f35b9-aeee-44b3-b341-1c05bf44b421","2024-06-21 08:31:43.758 +00:00","2024-06-21 08:31:43.758 +00:00"],"routine":"ri_ReportViolation","schema":"public","severity":"ERROR","sql":"INSERT INTO \"Stores\" (\"id\",\"name\",\"description\",\"imgUrl\",\"userId\",\"categoryId\",\"createdAt\",\"updatedAt\") VALUES ($1,$2,$3,$4,$5,$6,$7,$8) RETURNING \"id\",\"name\",\"description\",\"imgUrl\",\"userId\",\"categoryId\",\"createdAt\",\"updatedAt\";","table":"Stores"},"sql":"INSERT INTO \"Stores\" (\"id\",\"name\",\"description\",\"imgUrl\",\"userId\",\"categoryId\",\"createdAt\",\"updatedAt\") VALUES ($1,$2,$3,$4,$5,$6,$7,$8) RETURNING \"id\",\"name\",\"description\",\"imgUrl\",\"userId\",\"categoryId\",\"createdAt\",\"updatedAt\";","table":"Stores"}
{"level":"error"}
{"code":"AUTH004","data":{"success":false},"level":"error","name":"CustomError","statusCode":401}
{"code":"AUTH004","data":{"success":false},"level":"error","name":"CustomError","statusCode":401}
{"level":"error"}
{"code":"AUTH004","data":{"success":false},"level":"error","name":"CustomError","statusCode":401}
{"code":"AUTH004","data":{"success":false},"level":"error","name":"CustomError","statusCode":401}
{"level":"error"}
{"code":"AUTH004","data":{"success":false},"level":"error","name":"CustomError","statusCode":401}
{"code":"AUTH004","data":{"success":false},"level":"error","name":"CustomError","statusCode":401}
{"level":"error"}
{"code":"AUTH001","level":"error","message":"Unauthorized","statusCode":401}
{"fields":null,"index":"Stores_userId_fkey","level":"error","name":"SequelizeForeignKeyConstraintError","original":{"code":"23503","constraint":"Stores_userId_fkey","detail":"Key (userId)=(57557862-225d-491b-8815-2b28fe3596de) is not present in table \"Users\".","file":"ri_triggers.c","length":278,"line":"2619","name":"error","parameters":["5b308934-20bf-421b-b653-97e97e184eb6","dasdasd","asdas","/uploads/55838-BgReg.aed7bbe660a78f7d3a41.jpg","57557862-225d-491b-8815-2b28fe3596de","1e289e62-05ad-43e1-ac11-b2bbaabf537b","2024-07-03 08:49:44.120 +00:00","2024-07-03 08:49:44.120 +00:00"],"routine":"ri_ReportViolation","schema":"public","severity":"ERROR","sql":"INSERT INTO \"Stores\" (\"id\",\"name\",\"description\",\"imgUrl\",\"userId\",\"categoryId\",\"createdAt\",\"updatedAt\") VALUES ($1,$2,$3,$4,$5,$6,$7,$8) RETURNING \"id\",\"name\",\"description\",\"imgUrl\",\"userId\",\"categoryId\",\"createdAt\",\"updatedAt\";","table":"Stores"},"parameters":["5b308934-20bf-421b-b653-97e97e184eb6","dasdasd","asdas","/uploads/55838-BgReg.aed7bbe660a78f7d3a41.jpg","57557862-225d-491b-8815-2b28fe3596de","1e289e62-05ad-43e1-ac11-b2bbaabf537b","2024-07-03 08:49:44.120 +00:00","2024-07-03 08:49:44.120 +00:00"],"parent":{"code":"23503","constraint":"Stores_userId_fkey","detail":"Key (userId)=(57557862-225d-491b-8815-2b28fe3596de) is not present in table \"Users\".","file":"ri_triggers.c","length":278,"line":"2619","name":"error","parameters":["5b308934-20bf-421b-b653-97e97e184eb6","dasdasd","asdas","/uploads/55838-BgReg.aed7bbe660a78f7d3a41.jpg","57557862-225d-491b-8815-2b28fe3596de","1e289e62-05ad-43e1-ac11-b2bbaabf537b","2024-07-03 08:49:44.120 +00:00","2024-07-03 08:49:44.120 +00:00"],"routine":"ri_ReportViolation","schema":"public","severity":"ERROR","sql":"INSERT INTO \"Stores\" (\"id\",\"name\",\"description\",\"imgUrl\",\"userId\",\"categoryId\",\"createdAt\",\"updatedAt\") VALUES ($1,$2,$3,$4,$5,$6,$7,$8) RETURNING \"id\",\"name\",\"description\",\"imgUrl\",\"userId\",\"categoryId\",\"createdAt\",\"updatedAt\";","table":"Stores"},"sql":"INSERT INTO \"Stores\" (\"id\",\"name\",\"description\",\"imgUrl\",\"userId\",\"categoryId\",\"createdAt\",\"updatedAt\") VALUES ($1,$2,$3,$4,$5,$6,$7,$8) RETURNING \"id\",\"name\",\"description\",\"imgUrl\",\"userId\",\"categoryId\",\"createdAt\",\"updatedAt\";","table":"Stores"}
{"fields":null,"index":"Stores_userId_fkey","level":"error","name":"SequelizeForeignKeyConstraintError","original":{"code":"23503","constraint":"Stores_userId_fkey","detail":"Key (userId)=(57557862-225d-491b-8815-2b28fe3596de) is not present in table \"Users\".","file":"ri_triggers.c","length":278,"line":"2619","name":"error","parameters":["57c4080d-a068-4781-ab72-aa29db6f05fa","dasdasd","asdasasdasd","/uploads/25485-BgReg.aed7bbe660a78f7d3a41.jpg","57557862-225d-491b-8815-2b28fe3596de","1e289e62-05ad-43e1-ac11-b2bbaabf537b","2024-07-03 08:49:48.630 +00:00","2024-07-03 08:49:48.630 +00:00"],"routine":"ri_ReportViolation","schema":"public","severity":"ERROR","sql":"INSERT INTO \"Stores\" (\"id\",\"name\",\"description\",\"imgUrl\",\"userId\",\"categoryId\",\"createdAt\",\"updatedAt\") VALUES ($1,$2,$3,$4,$5,$6,$7,$8) RETURNING \"id\",\"name\",\"description\",\"imgUrl\",\"userId\",\"categoryId\",\"createdAt\",\"updatedAt\";","table":"Stores"},"parameters":["57c4080d-a068-4781-ab72-aa29db6f05fa","dasdasd","asdasasdasd","/uploads/25485-BgReg.aed7bbe660a78f7d3a41.jpg","57557862-225d-491b-8815-2b28fe3596de","1e289e62-05ad-43e1-ac11-b2bbaabf537b","2024-07-03 08:49:48.630 +00:00","2024-07-03 08:49:48.630 +00:00"],"parent":{"code":"23503","constraint":"Stores_userId_fkey","detail":"Key (userId)=(57557862-225d-491b-8815-2b28fe3596de) is not present in table \"Users\".","file":"ri_triggers.c","length":278,"line":"2619","name":"error","parameters":["57c4080d-a068-4781-ab72-aa29db6f05fa","dasdasd","asdasasdasd","/uploads/25485-BgReg.aed7bbe660a78f7d3a41.jpg","57557862-225d-491b-8815-2b28fe3596de","1e289e62-05ad-43e1-ac11-b2bbaabf537b","2024-07-03 08:49:48.630 +00:00","2024-07-03 08:49:48.630 +00:00"],"routine":"ri_ReportViolation","schema":"public","severity":"ERROR","sql":"INSERT INTO \"Stores\" (\"id\",\"name\",\"description\",\"imgUrl\",\"userId\",\"categoryId\",\"createdAt\",\"updatedAt\") VALUES ($1,$2,$3,$4,$5,$6,$7,$8) RETURNING \"id\",\"name\",\"description\",\"imgUrl\",\"userId\",\"categoryId\",\"createdAt\",\"updatedAt\";","table":"Stores"},"sql":"INSERT INTO \"Stores\" (\"id\",\"name\",\"description\",\"imgUrl\",\"userId\",\"categoryId\",\"createdAt\",\"updatedAt\") VALUES ($1,$2,$3,$4,$5,$6,$7,$8) RETURNING \"id\",\"name\",\"description\",\"imgUrl\",\"userId\",\"categoryId\",\"createdAt\",\"updatedAt\";","table":"Stores"}
{"fields":null,"index":"Stores_userId_fkey","level":"error","name":"SequelizeForeignKeyConstraintError","original":{"code":"23503","constraint":"Stores_userId_fkey","detail":"Key (userId)=(57557862-225d-491b-8815-2b28fe3596de) is not present in table \"Users\".","file":"ri_triggers.c","length":278,"line":"2619","name":"error","parameters":["8812f7be-ec30-4504-ba42-91abcecff282","dasdasd","asdasasdasd","/uploads/55365-BgReg.aed7bbe660a78f7d3a41.jpg","57557862-225d-491b-8815-2b28fe3596de","1e289e62-05ad-43e1-ac11-b2bbaabf537b","2024-07-03 08:49:59.628 +00:00","2024-07-03 08:49:59.628 +00:00"],"routine":"ri_ReportViolation","schema":"public","severity":"ERROR","sql":"INSERT INTO \"Stores\" (\"id\",\"name\",\"description\",\"imgUrl\",\"userId\",\"categoryId\",\"createdAt\",\"updatedAt\") VALUES ($1,$2,$3,$4,$5,$6,$7,$8) RETURNING \"id\",\"name\",\"description\",\"imgUrl\",\"userId\",\"categoryId\",\"createdAt\",\"updatedAt\";","table":"Stores"},"parameters":["8812f7be-ec30-4504-ba42-91abcecff282","dasdasd","asdasasdasd","/uploads/55365-BgReg.aed7bbe660a78f7d3a41.jpg","57557862-225d-491b-8815-2b28fe3596de","1e289e62-05ad-43e1-ac11-b2bbaabf537b","2024-07-03 08:49:59.628 +00:00","2024-07-03 08:49:59.628 +00:00"],"parent":{"code":"23503","constraint":"Stores_userId_fkey","detail":"Key (userId)=(57557862-225d-491b-8815-2b28fe3596de) is not present in table \"Users\".","file":"ri_triggers.c","length":278,"line":"2619","name":"error","parameters":["8812f7be-ec30-4504-ba42-91abcecff282","dasdasd","asdasasdasd","/uploads/55365-BgReg.aed7bbe660a78f7d3a41.jpg","57557862-225d-491b-8815-2b28fe3596de","1e289e62-05ad-43e1-ac11-b2bbaabf537b","2024-07-03 08:49:59.628 +00:00","2024-07-03 08:49:59.628 +00:00"],"routine":"ri_ReportViolation","schema":"public","severity":"ERROR","sql":"INSERT INTO \"Stores\" (\"id\",\"name\",\"description\",\"imgUrl\",\"userId\",\"categoryId\",\"createdAt\",\"updatedAt\") VALUES ($1,$2,$3,$4,$5,$6,$7,$8) RETURNING \"id\",\"name\",\"description\",\"imgUrl\",\"userId\",\"categoryId\",\"createdAt\",\"updatedAt\";","table":"Stores"},"sql":"INSERT INTO \"Stores\" (\"id\",\"name\",\"description\",\"imgUrl\",\"userId\",\"categoryId\",\"createdAt\",\"updatedAt\") VALUES ($1,$2,$3,$4,$5,$6,$7,$8) RETURNING \"id\",\"name\",\"description\",\"imgUrl\",\"userId\",\"categoryId\",\"createdAt\",\"updatedAt\";","table":"Stores"}
{"code":"AUTH004","data":{"success":false},"level":"error","name":"CustomError","statusCode":401}
{"code":"AUTH004","data":{"success":false},"level":"error","name":"CustomError","statusCode":401}
{"level":"error"}
{"level":"error"}
{"fields":null,"index":"Stores_userId_fkey","level":"error","name":"SequelizeForeignKeyConstraintError","original":{"code":"23503","constraint":"Stores_userId_fkey","detail":"Key (userId)=(3d00c027-2a35-465e-8974-a014595a8793) is not present in table \"Users\".","file":"ri_triggers.c","length":278,"line":"2619","name":"error","parameters":["bbc8a39c-a9c0-457c-a232-0d159e22b054","dasdasdasd","asdasdas","/uploads/36748-BgReg.aed7bbe660a78f7d3a41.jpg","3d00c027-2a35-465e-8974-a014595a8793","b8cf4260-a9e5-4844-a0dd-2ce55373a677","2024-07-03 08:58:00.864 +00:00","2024-07-03 08:58:00.864 +00:00"],"routine":"ri_ReportViolation","schema":"public","severity":"ERROR","sql":"INSERT INTO \"Stores\" (\"id\",\"name\",\"description\",\"imgUrl\",\"userId\",\"categoryId\",\"createdAt\",\"updatedAt\") VALUES ($1,$2,$3,$4,$5,$6,$7,$8) RETURNING \"id\",\"name\",\"description\",\"imgUrl\",\"userId\",\"categoryId\",\"createdAt\",\"updatedAt\";","table":"Stores"},"parameters":["bbc8a39c-a9c0-457c-a232-0d159e22b054","dasdasdasd","asdasdas","/uploads/36748-BgReg.aed7bbe660a78f7d3a41.jpg","3d00c027-2a35-465e-8974-a014595a8793","b8cf4260-a9e5-4844-a0dd-2ce55373a677","2024-07-03 08:58:00.864 +00:00","2024-07-03 08:58:00.864 +00:00"],"parent":{"code":"23503","constraint":"Stores_userId_fkey","detail":"Key (userId)=(3d00c027-2a35-465e-8974-a014595a8793) is not present in table \"Users\".","file":"ri_triggers.c","length":278,"line":"2619","name":"error","parameters":["bbc8a39c-a9c0-457c-a232-0d159e22b054","dasdasdasd","asdasdas","/uploads/36748-BgReg.aed7bbe660a78f7d3a41.jpg","3d00c027-2a35-465e-8974-a014595a8793","b8cf4260-a9e5-4844-a0dd-2ce55373a677","2024-07-03 08:58:00.864 +00:00","2024-07-03 08:58:00.864 +00:00"],"routine":"ri_ReportViolation","schema":"public","severity":"ERROR","sql":"INSERT INTO \"Stores\" (\"id\",\"name\",\"description\",\"imgUrl\",\"userId\",\"categoryId\",\"createdAt\",\"updatedAt\") VALUES ($1,$2,$3,$4,$5,$6,$7,$8) RETURNING \"id\",\"name\",\"description\",\"imgUrl\",\"userId\",\"categoryId\",\"createdAt\",\"updatedAt\";","table":"Stores"},"sql":"INSERT INTO \"Stores\" (\"id\",\"name\",\"description\",\"imgUrl\",\"userId\",\"categoryId\",\"createdAt\",\"updatedAt\") VALUES ($1,$2,$3,$4,$5,$6,$7,$8) RETURNING \"id\",\"name\",\"description\",\"imgUrl\",\"userId\",\"categoryId\",\"createdAt\",\"updatedAt\";","table":"Stores"}
{"code":"AUTH001","level":"error","message":"Unauthorized","statusCode":401}
{"fields":null,"index":"Stores_userId_fkey","level":"error","name":"SequelizeForeignKeyConstraintError","original":{"code":"23503","constraint":"Stores_userId_fkey","detail":"Key (userId)=(3d00c027-2a35-465e-8974-a014595a8793) is not present in table \"Users\".","file":"ri_triggers.c","length":278,"line":"2619","name":"error","parameters":["8c35ccf9-4022-4027-ac6d-d23f36ca9c24","asdasdasd","asdasdasd","/uploads/19664-BgReg.aed7bbe660a78f7d3a41.jpg","3d00c027-2a35-465e-8974-a014595a8793","b8cf4260-a9e5-4844-a0dd-2ce55373a677","2024-07-03 08:58:50.774 +00:00","2024-07-03 08:58:50.774 +00:00"],"routine":"ri_ReportViolation","schema":"public","severity":"ERROR","sql":"INSERT INTO \"Stores\" (\"id\",\"name\",\"description\",\"imgUrl\",\"userId\",\"categoryId\",\"createdAt\",\"updatedAt\") VALUES ($1,$2,$3,$4,$5,$6,$7,$8) RETURNING \"id\",\"name\",\"description\",\"imgUrl\",\"userId\",\"categoryId\",\"createdAt\",\"updatedAt\";","table":"Stores"},"parameters":["8c35ccf9-4022-4027-ac6d-d23f36ca9c24","asdasdasd","asdasdasd","/uploads/19664-BgReg.aed7bbe660a78f7d3a41.jpg","3d00c027-2a35-465e-8974-a014595a8793","b8cf4260-a9e5-4844-a0dd-2ce55373a677","2024-07-03 08:58:50.774 +00:00","2024-07-03 08:58:50.774 +00:00"],"parent":{"code":"23503","constraint":"Stores_userId_fkey","detail":"Key (userId)=(3d00c027-2a35-465e-8974-a014595a8793) is not present in table \"Users\".","file":"ri_triggers.c","length":278,"line":"2619","name":"error","parameters":["8c35ccf9-4022-4027-ac6d-d23f36ca9c24","asdasdasd","asdasdasd","/uploads/19664-BgReg.aed7bbe660a78f7d3a41.jpg","3d00c027-2a35-465e-8974-a014595a8793","b8cf4260-a9e5-4844-a0dd-2ce55373a677","2024-07-03 08:58:50.774 +00:00","2024-07-03 08:58:50.774 +00:00"],"routine":"ri_ReportViolation","schema":"public","severity":"ERROR","sql":"INSERT INTO \"Stores\" (\"id\",\"name\",\"description\",\"imgUrl\",\"userId\",\"categoryId\",\"createdAt\",\"updatedAt\") VALUES ($1,$2,$3,$4,$5,$6,$7,$8) RETURNING \"id\",\"name\",\"description\",\"imgUrl\",\"userId\",\"categoryId\",\"createdAt\",\"updatedAt\";","table":"Stores"},"sql":"INSERT INTO \"Stores\" (\"id\",\"name\",\"description\",\"imgUrl\",\"userId\",\"categoryId\",\"createdAt\",\"updatedAt\") VALUES ($1,$2,$3,$4,$5,$6,$7,$8) RETURNING \"id\",\"name\",\"description\",\"imgUrl\",\"userId\",\"categoryId\",\"createdAt\",\"updatedAt\";","table":"Stores"}
{"fields":null,"index":"Stores_userId_fkey","level":"error","name":"SequelizeForeignKeyConstraintError","original":{"code":"23503","constraint":"Stores_userId_fkey","detail":"Key (userId)=(3d00c027-2a35-465e-8974-a014595a8793) is not present in table \"Users\".","file":"ri_triggers.c","length":278,"line":"2619","name":"error","parameters":["d4d17bd3-3c61-41a7-a019-3e51a004f19b","asdasdasd","asdasdasd","/uploads/22212-BgReg.aed7bbe660a78f7d3a41.jpg","3d00c027-2a35-465e-8974-a014595a8793","aa692237-b93a-4297-9e4a-f0bc162dbd9d","2024-07-03 08:58:58.256 +00:00","2024-07-03 08:58:58.256 +00:00"],"routine":"ri_ReportViolation","schema":"public","severity":"ERROR","sql":"INSERT INTO \"Stores\" (\"id\",\"name\",\"description\",\"imgUrl\",\"userId\",\"categoryId\",\"createdAt\",\"updatedAt\") VALUES ($1,$2,$3,$4,$5,$6,$7,$8) RETURNING \"id\",\"name\",\"description\",\"imgUrl\",\"userId\",\"categoryId\",\"createdAt\",\"updatedAt\";","table":"Stores"},"parameters":["d4d17bd3-3c61-41a7-a019-3e51a004f19b","asdasdasd","asdasdasd","/uploads/22212-BgReg.aed7bbe660a78f7d3a41.jpg","3d00c027-2a35-465e-8974-a014595a8793","aa692237-b93a-4297-9e4a-f0bc162dbd9d","2024-07-03 08:58:58.256 +00:00","2024-07-03 08:58:58.256 +00:00"],"parent":{"code":"23503","constraint":"Stores_userId_fkey","detail":"Key (userId)=(3d00c027-2a35-465e-8974-a014595a8793) is not present in table \"Users\".","file":"ri_triggers.c","length":278,"line":"2619","name":"error","parameters":["d4d17bd3-3c61-41a7-a019-3e51a004f19b","asdasdasd","asdasdasd","/uploads/22212-BgReg.aed7bbe660a78f7d3a41.jpg","3d00c027-2a35-465e-8974-a014595a8793","aa692237-b93a-4297-9e4a-f0bc162dbd9d","2024-07-03 08:58:58.256 +00:00","2024-07-03 08:58:58.256 +00:00"],"routine":"ri_ReportViolation","schema":"public","severity":"ERROR","sql":"INSERT INTO \"Stores\" (\"id\",\"name\",\"description\",\"imgUrl\",\"userId\",\"categoryId\",\"createdAt\",\"updatedAt\") VALUES ($1,$2,$3,$4,$5,$6,$7,$8) RETURNING \"id\",\"name\",\"description\",\"imgUrl\",\"userId\",\"categoryId\",\"createdAt\",\"updatedAt\";","table":"Stores"},"sql":"INSERT INTO \"Stores\" (\"id\",\"name\",\"description\",\"imgUrl\",\"userId\",\"categoryId\",\"createdAt\",\"updatedAt\") VALUES ($1,$2,$3,$4,$5,$6,$7,$8) RETURNING \"id\",\"name\",\"description\",\"imgUrl\",\"userId\",\"categoryId\",\"createdAt\",\"updatedAt\";","table":"Stores"}
{"level":"error"}
{"fields":null,"index":"Stores_userId_fkey","level":"error","name":"SequelizeForeignKeyConstraintError","original":{"code":"23503","constraint":"Stores_userId_fkey","detail":"Key (userId)=(3d00c027-2a35-465e-8974-a014595a8793) is not present in table \"Users\".","file":"ri_triggers.c","length":278,"line":"2619","name":"error","parameters":["34c48856-1afe-4645-a53c-ec0db667fe2c","asdasd","asdasdasd","/uploads/73272-BgReg.aed7bbe660a78f7d3a41.jpg","3d00c027-2a35-465e-8974-a014595a8793","b8cf4260-a9e5-4844-a0dd-2ce55373a677","2024-07-03 08:59:30.226 +00:00","2024-07-03 08:59:30.226 +00:00"],"routine":"ri_ReportViolation","schema":"public","severity":"ERROR","sql":"INSERT INTO \"Stores\" (\"id\",\"name\",\"description\",\"imgUrl\",\"userId\",\"categoryId\",\"createdAt\",\"updatedAt\") VALUES ($1,$2,$3,$4,$5,$6,$7,$8) RETURNING \"id\",\"name\",\"description\",\"imgUrl\",\"userId\",\"categoryId\",\"createdAt\",\"updatedAt\";","table":"Stores"},"parameters":["34c48856-1afe-4645-a53c-ec0db667fe2c","asdasd","asdasdasd","/uploads/73272-BgReg.aed7bbe660a78f7d3a41.jpg","3d00c027-2a35-465e-8974-a014595a8793","b8cf4260-a9e5-4844-a0dd-2ce55373a677","2024-07-03 08:59:30.226 +00:00","2024-07-03 08:59:30.226 +00:00"],"parent":{"code":"23503","constraint":"Stores_userId_fkey","detail":"Key (userId)=(3d00c027-2a35-465e-8974-a014595a8793) is not present in table \"Users\".","file":"ri_triggers.c","length":278,"line":"2619","name":"error","parameters":["34c48856-1afe-4645-a53c-ec0db667fe2c","asdasd","asdasdasd","/uploads/73272-BgReg.aed7bbe660a78f7d3a41.jpg","3d00c027-2a35-465e-8974-a014595a8793","b8cf4260-a9e5-4844-a0dd-2ce55373a677","2024-07-03 08:59:30.226 +00:00","2024-07-03 08:59:30.226 +00:00"],"routine":"ri_ReportViolation","schema":"public","severity":"ERROR","sql":"INSERT INTO \"Stores\" (\"id\",\"name\",\"description\",\"imgUrl\",\"userId\",\"categoryId\",\"createdAt\",\"updatedAt\") VALUES ($1,$2,$3,$4,$5,$6,$7,$8) RETURNING \"id\",\"name\",\"description\",\"imgUrl\",\"userId\",\"categoryId\",\"createdAt\",\"updatedAt\";","table":"Stores"},"sql":"INSERT INTO \"Stores\" (\"id\",\"name\",\"description\",\"imgUrl\",\"userId\",\"categoryId\",\"createdAt\",\"updatedAt\") VALUES ($1,$2,$3,$4,$5,$6,$7,$8) RETURNING \"id\",\"name\",\"description\",\"imgUrl\",\"userId\",\"categoryId\",\"createdAt\",\"updatedAt\";","table":"Stores"}
{"code":"AUTH004","data":{"success":false},"level":"error","name":"CustomError","statusCode":401}
{"code":"AUTH004","data":{"success":false},"level":"error","name":"CustomError","statusCode":401}
{"errors":[{"instance":{"createdAt":"2024-07-03T09:01:22.592Z","description":"asdasdasasd","id":"21593edd-72c6-49e5-bb82-c86381b368d5","isActive":false,"metaDescription":"sdasd","metaTitle":"dasdas","name":"asdadsad","ownerId":"bd28e0dd-a3b9-4810-be9d-75f85a8256ed","price":"123","storeId":"","subcategoryId":"d618996e-2d17-4890-8db5-9da10be438e7","tags":"asdas","updatedAt":"2024-07-03T09:01:22.592Z"},"message":"Product.categoryId cannot be null","origin":"CORE","path":"categoryId","type":"notNull Violation","validatorArgs":[],"validatorKey":"is_null","validatorName":null,"value":null}],"level":"error","name":"SequelizeValidationError"}
{"errors":[{"instance":{"createdAt":"2024-07-03T09:52:22.365Z","description":"asdasd","id":"a3b0007f-2b9e-4a4a-86b0-e67fc11f37d6","isActive":true,"metaDescription":"asdasd","metaTitle":"dasda","name":"asdasd","ownerId":"bd28e0dd-a3b9-4810-be9d-75f85a8256ed","price":"1","storeId":"98f2d189-9ccd-430d-a0c8-2cccc62256e3","subcategoryId":"3cccbea3-eba4-481b-9626-8d476affea69","tags":"asdas","updatedAt":"2024-07-03T09:52:22.365Z"},"message":"Product.categoryId cannot be null","origin":"CORE","path":"categoryId","type":"notNull Violation","validatorArgs":[],"validatorKey":"is_null","validatorName":null,"value":null}],"level":"error","name":"SequelizeValidationError"}
{"code":"AUTH004","level":"error","name":"CustomError","statusCode":401}
{"code":"AUTH004","level":"error","name":"CustomError","statusCode":401}
{"code":"AUTH001","level":"error","message":"Unauthorized","statusCode":401}
{"level":"error"}
{"level":"error"}
{"errors":[{"instance":{"createdAt":"2024-07-03T10:09:10.432Z","description":"fsdfs","id":"6c8133ed-dbff-47b1-b6eb-3036d9f63791","isActive":true,"metaDescription":"sdfsdf","metaTitle":"sdfsdf","name":"sdfsd","ownerId":"6da1cd69-6f75-40cf-8e31-036708eb4d59","price":"12","storeId":"98f2d189-9ccd-430d-a0c8-2cccc62256e3","subcategoryId":"d618996e-2d17-4890-8db5-9da10be438e7","tags":"fdsdsf","updatedAt":"2024-07-03T10:09:10.432Z"},"message":"Product.categoryId cannot be null","origin":"CORE","path":"categoryId","type":"notNull Violation","validatorArgs":[],"validatorKey":"is_null","validatorName":null,"value":null}],"level":"error","name":"SequelizeValidationError"}
{"errors":[{"instance":{"createdAt":"2024-07-03T10:10:30.386Z","description":"fsdfs","id":"44b80f1f-c412-4594-962b-c15bc3e8e406","isActive":true,"metaDescription":"sdfsdf","metaTitle":"sdfsdf","name":"sdfsd","ownerId":"6da1cd69-6f75-40cf-8e31-036708eb4d59","price":"12","storeId":"98f2d189-9ccd-430d-a0c8-2cccc62256e3","subcategoryId":"d618996e-2d17-4890-8db5-9da10be438e7","tags":"fdsdsf","updatedAt":"2024-07-03T10:10:30.386Z"},"message":"Product.categoryId cannot be null","origin":"CORE","path":"categoryId","type":"notNull Violation","validatorArgs":[],"validatorKey":"is_null","validatorName":null,"value":null}],"level":"error","name":"SequelizeValidationError"}
{"errors":[{"instance":{"createdAt":"2024-07-03T10:37:04.580Z","description":"fsdfsd","id":"06a9c973-ed20-4fcb-8e74-bb40adf86f52","isActive":true,"metaDescription":"dasdasd","metaTitle":"asdas","name":"fdsfsd","ownerId":"6da1cd69-6f75-40cf-8e31-036708eb4d59","price":"1","storeId":"","subcategoryId":"d618996e-2d17-4890-8db5-9da10be438e7","tags":"asdasd","updatedAt":"2024-07-03T10:37:04.580Z"},"message":"Product.categoryId cannot be null","origin":"CORE","path":"categoryId","type":"notNull Violation","validatorArgs":[],"validatorKey":"is_null","validatorName":null,"value":null}],"level":"error","name":"SequelizeValidationError"}
{"errors":[{"instance":{"createdAt":"2024-07-03T10:37:26.919Z","description":"fsdfsd","id":"a819820f-9419-4bfc-b9ee-72ada7b74dca","isActive":true,"metaDescription":"dasdasd","metaTitle":"asdas","name":"fdsfsd","ownerId":"6da1cd69-6f75-40cf-8e31-036708eb4d59","price":"1","storeId":"","subcategoryId":"d618996e-2d17-4890-8db5-9da10be438e7","tags":"asdasd","updatedAt":"2024-07-03T10:37:26.919Z"},"message":"Product.categoryId cannot be null","origin":"CORE","path":"categoryId","type":"notNull Violation","validatorArgs":[],"validatorKey":"is_null","validatorName":null,"value":null}],"level":"error","name":"SequelizeValidationError"}
{"errors":[{"instance":{"createdAt":"2024-07-03T10:48:34.216Z","description":"asdas","id":"29f06669-3f39-4612-946f-83cdbd209ac4","isActive":true,"metaDescription":"dsad","metaTitle":"asdas","name":"asdasdas","ownerId":"6da1cd69-6f75-40cf-8e31-036708eb4d59","price":"12","storeId":"98f2d189-9ccd-430d-a0c8-2cccc62256e3","subcategoryId":"d618996e-2d17-4890-8db5-9da10be438e7","tags":"asdsad","updatedAt":"2024-07-03T10:48:34.216Z"},"message":"Product.categoryId cannot be null","origin":"CORE","path":"categoryId","type":"notNull Violation","validatorArgs":[],"validatorKey":"is_null","validatorName":null,"value":null}],"level":"error","name":"SequelizeValidationError"}
{"errors":[{"instance":{"createdAt":"2024-07-03T10:51:23.955Z","description":"asdasd","id":"8236278b-2bf0-4daf-ac0b-a938b69def4d","isActive":true,"metaDescription":"asd","metaTitle":"dasd","name":"asdasdas","ownerId":"6da1cd69-6f75-40cf-8e31-036708eb4d59","price":"12","storeId":"98f2d189-9ccd-430d-a0c8-2cccc62256e3","subcategoryId":"abbb460c-9d26-44a4-ade0-9e95e5832583","tags":"sasdas","updatedAt":"2024-07-03T10:51:23.955Z"},"message":"Product.categoryId cannot be null","origin":"CORE","path":"categoryId","type":"notNull Violation","validatorArgs":[],"validatorKey":"is_null","validatorName":null,"value":null}],"level":"error","name":"SequelizeValidationError"}
{"errors":[{"instance":{"createdAt":"2024-07-03T10:51:38.793Z","description":"asdasd","id":"f284dcd6-72ff-4b4b-a7d2-539a0933a285","isActive":true,"metaDescription":"asd","metaTitle":"dasd","name":"asdasdas","ownerId":"6da1cd69-6f75-40cf-8e31-036708eb4d59","price":"12","storeId":"98f2d189-9ccd-430d-a0c8-2cccc62256e3","subcategoryId":"abbb460c-9d26-44a4-ade0-9e95e5832583","tags":"sasdas","updatedAt":"2024-07-03T10:51:38.793Z"},"message":"Product.categoryId cannot be null","origin":"CORE","path":"categoryId","type":"notNull Violation","validatorArgs":[],"validatorKey":"is_null","validatorName":null,"value":null}],"level":"error","name":"SequelizeValidationError"}
